<?xml version="1.0" encoding="UTF-8"?>
<testsuite xmlns:xsi="http://www.w3.org/2001/XMLSchema-instance" xsi:noNamespaceSchemaLocation="https://maven.apache.org/surefire/maven-surefire-plugin/xsd/surefire-test-report-3.0.xsd" version="3.0" name="com.mcp.v2.client.MCPClientFunctionalTest" time="1.811" tests="14" errors="0" skipped="0" failures="0">
  <properties>
[...]
</properties>
  <testcase name="testContextManagement" classname="com.mcp.v2.client.MCPClientFunctionalTest" time="1.618">
    <system-out><![CDATA[19:42:26.917 [main] DEBUG reactor.util.Loggers -- Using Slf4j logging framework
]]></system-out>
    <system-err><![CDATA[WARNING: A Java agent has been loaded dynamically (C:\Users\erdno\.m2\repository\net\bytebuddy\byte-buddy-agent\1.14.10\byte-buddy-agent-1.14.10.jar)
WARNING: If a serviceability tool is in use, please run with -XX:+EnableDynamicAgentLoading to hide this warning
WARNING: If a serviceability tool is not in use, please run with -Djdk.instrument.traceUsage for more information
WARNING: Dynamic loading of agents will be disallowed by default in a future release
]]></system-err>
  </testcase>
  <testcase name="testClientConfiguration" classname="com.mcp.v2.client.MCPClientFunctionalTest" time="0.003"/>
  <testcase name="testClientMetrics" classname="com.mcp.v2.client.MCPClientFunctionalTest" time="0.012"/>
  <testcase name="testClientClose" classname="com.mcp.v2.client.MCPClientFunctionalTest" time="0.007">
    <system-out><![CDATA[19:42:26.960 [ForkJoinPool.commonPool-worker-1] INFO com.mcp.v2.client.transport.http.HttpTransport -- Disconnected from HTTP endpoint
19:42:26.960 [ForkJoinPool.commonPool-worker-1] INFO com.mcp.v2.client.impl.BaseMCPClient -- Disconnected from MCP server
19:42:26.960 [ForkJoinPool.commonPool-worker-1] INFO com.mcp.v2.client.transport.http.HttpTransport -- Disconnected from HTTP endpoint
]]></system-out>
  </testcase>
  <testcase name="testEventSystem" classname="com.mcp.v2.client.MCPClientFunctionalTest" time="0.003"/>
  <testcase name="testRequestCreation" classname="com.mcp.v2.client.MCPClientFunctionalTest" time="0.001"/>
  <testcase name="testEventTypes" classname="com.mcp.v2.client.MCPClientFunctionalTest" time="0.0"/>
  <testcase name="testTransportConfiguration" classname="com.mcp.v2.client.MCPClientFunctionalTest" time="0.0"/>
  <testcase name="testErrorResponse" classname="com.mcp.v2.client.MCPClientFunctionalTest" time="0.002"/>
  <testcase name="testClientCreation" classname="com.mcp.v2.client.MCPClientFunctionalTest" time="0.001"/>
  <testcase name="testErrorCodes" classname="com.mcp.v2.client.MCPClientFunctionalTest" time="0.002"/>
  <testcase name="testProductionClientConfiguration" classname="com.mcp.v2.client.MCPClientFunctionalTest" time="0.001"/>
  <testcase name="testWebSocketClientCreation" classname="com.mcp.v2.client.MCPClientFunctionalTest" time="0.138">
    <system-out><![CDATA[19:42:26.988 [main] DEBUG io.netty.util.internal.logging.InternalLoggerFactory -- Using SLF4J as the default logging framework
19:42:26.991 [main] DEBUG io.netty.channel.MultithreadEventLoopGroup -- -Dio.netty.eventLoopThreads: 64
19:42:27.001 [main] DEBUG io.netty.util.concurrent.GlobalEventExecutor -- -Dio.netty.globalEventExecutor.quietPeriodSeconds: 1
19:42:27.010 [main] DEBUG io.netty.util.internal.InternalThreadLocalMap -- -Dio.netty.threadLocalMap.stringBuilder.initialSize: 1024
19:42:27.010 [main] DEBUG io.netty.util.internal.InternalThreadLocalMap -- -Dio.netty.threadLocalMap.stringBuilder.maxSize: 4096
19:42:27.036 [main] DEBUG io.netty.util.internal.PlatformDependent0 -- -Dio.netty.noUnsafe: false
19:42:27.036 [main] DEBUG io.netty.util.internal.PlatformDependent0 -- Java version: 21
19:42:27.037 [main] DEBUG io.netty.util.internal.PlatformDependent0 -- sun.misc.Unsafe.theUnsafe: available
19:42:27.037 [main] DEBUG io.netty.util.internal.PlatformDependent0 -- sun.misc.Unsafe.copyMemory: available
19:42:27.038 [main] DEBUG io.netty.util.internal.PlatformDependent0 -- sun.misc.Unsafe.storeFence: available
19:42:27.038 [main] DEBUG io.netty.util.internal.PlatformDependent0 -- java.nio.Buffer.address: available
19:42:27.039 [main] DEBUG io.netty.util.internal.PlatformDependent0 -- direct buffer constructor: unavailable: Reflective setAccessible(true) disabled
19:42:27.039 [main] DEBUG io.netty.util.internal.PlatformDependent0 -- java.nio.Bits.unaligned: available, true
19:42:27.039 [main] DEBUG io.netty.util.internal.PlatformDependent0 -- jdk.internal.misc.Unsafe.allocateUninitializedArray(int): unavailable: class io.netty.util.internal.PlatformDependent0$7 cannot access class jdk.internal.misc.Unsafe (in module java.base) because module java.base does not export jdk.internal.misc to unnamed module @358ee631
19:42:27.041 [main] DEBUG io.netty.util.internal.PlatformDependent0 -- java.nio.DirectByteBuffer.<init>(long, {int,long}): unavailable
19:42:27.041 [main] DEBUG io.netty.util.internal.PlatformDependent -- sun.misc.Unsafe: available
19:42:27.041 [main] DEBUG io.netty.util.internal.PlatformDependent -- -Dio.netty.tmpdir: C:\Users\erdno\AppData\Local\Temp (java.io.tmpdir)
19:42:27.041 [main] DEBUG io.netty.util.internal.PlatformDependent -- -Dio.netty.bitMode: 64 (sun.arch.data.model)
19:42:27.041 [main] DEBUG io.netty.util.internal.PlatformDependent -- Platform: Windows
19:42:27.043 [main] DEBUG io.netty.util.internal.PlatformDependent -- -Dio.netty.maxDirectMemory: -1 bytes
19:42:27.043 [main] DEBUG io.netty.util.internal.PlatformDependent -- -Dio.netty.uninitializedArrayAllocationThreshold: -1
19:42:27.044 [main] DEBUG io.netty.util.internal.CleanerJava9 -- java.nio.ByteBuffer.cleaner(): available
19:42:27.045 [main] DEBUG io.netty.util.internal.PlatformDependent -- -Dio.netty.noPreferDirect: false
19:42:27.045 [main] DEBUG io.netty.channel.nio.NioEventLoop -- -Dio.netty.noKeySetOptimization: false
19:42:27.045 [main] DEBUG io.netty.channel.nio.NioEventLoop -- -Dio.netty.selectorAutoRebuildThreshold: 512
19:42:27.053 [main] DEBUG io.netty.util.internal.PlatformDependent -- org.jctools-core.MpscChunkedArrayQueue: available
]]></system-out>
  </testcase>
  <testcase name="testResponseCreation" classname="com.mcp.v2.client.MCPClientFunctionalTest" time="0.002"/>
</testsuite>