<?xml version="1.0" encoding="UTF-8" standalone="yes"?><!DOCTYPE report PUBLIC "-//JACOCO//DTD Report 1.1//EN" "report.dtd"><report name="MCP v2 Java Client"><sessioninfo id="LAPTOP-DRAQGN8A-2f5492f5" start="1756489344786" dump="1756489347137"/><package name="com/mcp/v2/client/transport/http"><class name="com/mcp/v2/client/transport/http/HttpTransport" sourcefilename="HttpTransport.java"><method name="&lt;init&gt;" desc="(Lcom/mcp/v2/client/types/MCPTypes$TransportConfig;)V" line="36"><counter type="INSTRUCTION" missed="0" covered="72"/><counter type="BRANCH" missed="2" covered="2"/><counter type="LINE" missed="0" covered="16"/><counter type="COMPLEXITY" missed="2" covered="1"/><counter type="METHOD" missed="0" covered="1"/></method><method name="connect" desc="()Ljava/util/concurrent/CompletableFuture;" line="65"><counter type="INSTRUCTION" missed="4" covered="0"/><counter type="LINE" missed="1" covered="0"/><counter type="COMPLEXITY" missed="1" covered="0"/><counter type="METHOD" missed="1" covered="0"/></method><method name="disconnect" desc="()Ljava/util/concurrent/CompletableFuture;" line="97"><counter type="INSTRUCTION" missed="0" covered="4"/><counter type="LINE" missed="0" covered="1"/><counter type="COMPLEXITY" missed="0" covered="1"/><counter type="METHOD" missed="0" covered="1"/></method><method name="isConnected" desc="()Z" line="108"><counter type="INSTRUCTION" missed="3" covered="0"/><counter type="LINE" missed="1" covered="0"/><counter type="COMPLEXITY" missed="1" covered="0"/><counter type="METHOD" missed="1" covered="0"/></method><method name="send" desc="(Lcom/mcp/v2/client/types/MCPTypes$MCPRequest;)Ljava/util/concurrent/CompletableFuture;" line="113"><counter type="INSTRUCTION" missed="14" covered="0"/><counter type="BRANCH" missed="2" covered="0"/><counter type="LINE" missed="3" covered="0"/><counter type="COMPLEXITY" missed="2" covered="0"/><counter type="METHOD" missed="1" covered="0"/></method><method name="onMessage" desc="(Ljava/util/function/Consumer;)V" line="155"><counter type="INSTRUCTION" missed="0" covered="4"/><counter type="LINE" missed="0" covered="2"/><counter type="COMPLEXITY" missed="0" covered="1"/><counter type="METHOD" missed="0" covered="1"/></method><method name="onConnect" desc="(Ljava/lang/Runnable;)V" line="160"><counter type="INSTRUCTION" missed="0" covered="4"/><counter type="LINE" missed="0" covered="2"/><counter type="COMPLEXITY" missed="0" covered="1"/><counter type="METHOD" missed="0" covered="1"/></method><method name="onDisconnect" desc="(Ljava/lang/Runnable;)V" line="165"><counter type="INSTRUCTION" missed="0" covered="4"/><counter type="LINE" missed="0" covered="2"/><counter type="COMPLEXITY" missed="0" covered="1"/><counter type="METHOD" missed="0" covered="1"/></method><method name="onError" desc="(Ljava/util/function/Consumer;)V" line="170"><counter type="INSTRUCTION" missed="0" covered="4"/><counter type="LINE" missed="0" covered="2"/><counter type="COMPLEXITY" missed="0" covered="1"/><counter type="METHOD" missed="0" covered="1"/></method><method name="getConfig" desc="()Lcom/mcp/v2/client/types/MCPTypes$TransportConfig;" line="175"><counter type="INSTRUCTION" missed="3" covered="0"/><counter type="LINE" missed="1" covered="0"/><counter type="COMPLEXITY" missed="1" covered="0"/><counter type="METHOD" missed="1" covered="0"/></method><method name="close" desc="()V" line="181"><counter type="INSTRUCTION" missed="5" covered="17"/><counter type="LINE" missed="2" covered="5"/><counter type="COMPLEXITY" missed="0" covered="1"/><counter type="METHOD" missed="0" covered="1"/></method><method name="lambda$send$2" desc="(Lcom/mcp/v2/client/types/MCPTypes$MCPRequest;)Ljava/lang/Void;" line="120"><counter type="INSTRUCTION" missed="81" covered="0"/><counter type="BRANCH" missed="8" covered="0"/><counter type="LINE" missed="20" covered="0"/><counter type="COMPLEXITY" missed="5" covered="0"/><counter type="METHOD" missed="1" covered="0"/></method><method name="lambda$disconnect$1" desc="()V" line="98"><counter type="INSTRUCTION" missed="0" covered="13"/><counter type="BRANCH" missed="1" covered="1"/><counter type="LINE" missed="0" covered="5"/><counter type="COMPLEXITY" missed="1" covered="1"/><counter type="METHOD" missed="0" covered="1"/></method><method name="lambda$connect$0" desc="()Ljava/lang/Void;" line="68"><counter type="INSTRUCTION" missed="63" covered="0"/><counter type="BRANCH" missed="6" covered="0"/><counter type="LINE" missed="17" covered="0"/><counter type="COMPLEXITY" missed="4" covered="0"/><counter type="METHOD" missed="1" covered="0"/></method><method name="&lt;clinit&gt;" desc="()V" line="24"><counter type="INSTRUCTION" missed="0" covered="7"/><counter type="LINE" missed="0" covered="2"/><counter type="COMPLEXITY" missed="0" covered="1"/><counter type="METHOD" missed="0" covered="1"/></method><counter type="INSTRUCTION" missed="173" covered="129"/><counter type="BRANCH" missed="19" covered="3"/><counter type="LINE" missed="45" covered="37"/><counter type="COMPLEXITY" missed="17" covered="9"/><counter type="METHOD" missed="6" covered="9"/><counter type="CLASS" missed="0" covered="1"/></class><class name="com/mcp/v2/client/transport/http/HttpTransport$RetryInterceptor" sourcefilename="HttpTransport.java"><method name="&lt;init&gt;" desc="(I)V" line="196"><counter type="INSTRUCTION" missed="0" covered="6"/><counter type="LINE" missed="0" covered="3"/><counter type="COMPLEXITY" missed="0" covered="1"/><counter type="METHOD" missed="0" covered="1"/></method><method name="intercept" desc="(Lokhttp3/Interceptor$Chain;)Lokhttp3/Response;" line="202"><counter type="INSTRUCTION" missed="62" covered="0"/><counter type="BRANCH" missed="10" covered="0"/><counter type="LINE" missed="22" covered="0"/><counter type="COMPLEXITY" missed="6" covered="0"/><counter type="METHOD" missed="1" covered="0"/></method><counter type="INSTRUCTION" missed="62" covered="6"/><counter type="BRANCH" missed="10" covered="0"/><counter type="LINE" missed="22" covered="3"/><counter type="COMPLEXITY" missed="6" covered="1"/><counter type="METHOD" missed="1" covered="1"/><counter type="CLASS" missed="0" covered="1"/></class><sourcefile name="HttpTransport.java"><line nr="24" mi="0" ci="3" mb="0" cb="0"/><line nr="25" mi="0" ci="4" mb="0" cb="0"/><line nr="36" mi="0" ci="3" mb="0" cb="0"/><line nr="38" mi="0" ci="2" mb="0" cb="0"/><line nr="39" mi="0" ci="3" mb="0" cb="0"/><line nr="40" mi="0" ci="9" mb="0" cb="0"/><line nr="43" mi="0" ci="4" mb="0" cb="0"/><line nr="44" mi="0" ci="5" mb="0" cb="0"/><line nr="45" mi="0" ci="5" mb="0" cb="0"/><line nr="46" mi="0" ci="5" mb="0" cb="0"/><line nr="49" mi="0" ci="3" mb="1" cb="1"/><line nr="50" mi="0" ci="8" mb="0" cb="0"/><line nr="54" mi="0" ci="3" mb="1" cb="1"/><line nr="55" mi="0" ci="9" mb="0" cb="0"/><line nr="56" mi="0" ci="4" mb="0" cb="0"/><line nr="57" mi="0" ci="4" mb="0" cb="0"/><line nr="60" mi="0" ci="4" mb="0" cb="0"/><line nr="61" mi="0" ci="1" mb="0" cb="0"/><line nr="65" mi="4" ci="0" mb="0" cb="0"/><line nr="68" mi="5" ci="0" mb="0" cb="0"/><line nr="69" mi="3" ci="0" mb="0" cb="0"/><line nr="70" mi="1" ci="0" mb="0" cb="0"/><line nr="71" mi="2" ci="0" mb="0" cb="0"/><line nr="73" mi="6" ci="0" mb="0" cb="0"/><line nr="74" mi="3" ci="0" mb="2" cb="0"/><line nr="75" mi="3" ci="0" mb="0" cb="0"/><line nr="76" mi="3" ci="0" mb="2" cb="0"/><line nr="77" mi="3" ci="0" mb="0" cb="0"/><line nr="79" mi="6" ci="0" mb="0" cb="0"/><line nr="80" mi="4" ci="0" mb="0" cb="0"/><line nr="82" mi="7" ci="0" mb="0" cb="0"/><line nr="85" mi="1" ci="0" mb="0" cb="0"/><line nr="86" mi="3" ci="0" mb="0" cb="0"/><line nr="87" mi="3" ci="0" mb="2" cb="0"/><line nr="88" mi="4" ci="0" mb="0" cb="0"/><line nr="90" mi="6" ci="0" mb="0" cb="0"/><line nr="97" mi="0" ci="4" mb="0" cb="0"/><line nr="98" mi="0" ci="3" mb="0" cb="0"/><line nr="99" mi="0" ci="3" mb="1" cb="1"/><line nr="100" mi="0" ci="3" mb="0" cb="0"/><line nr="102" mi="0" ci="3" mb="0" cb="0"/><line nr="103" mi="0" ci="1" mb="0" cb="0"/><line nr="108" mi="3" ci="0" mb="0" cb="0"/><line nr="113" mi="3" ci="0" mb="2" cb="0"/><line nr="114" mi="6" ci="0" mb="0" cb="0"/><line nr="118" mi="5" ci="0" mb="0" cb="0"/><line nr="120" mi="5" ci="0" mb="0" cb="0"/><line nr="121" mi="4" ci="0" mb="0" cb="0"/><line nr="123" mi="5" ci="0" mb="0" cb="0"/><line nr="124" mi="3" ci="0" mb="0" cb="0"/><line nr="125" mi="3" ci="0" mb="0" cb="0"/><line nr="126" mi="3" ci="0" mb="0" cb="0"/><line nr="127" mi="1" ci="0" mb="0" cb="0"/><line nr="128" mi="2" ci="0" mb="0" cb="0"/><line nr="130" mi="6" ci="0" mb="0" cb="0"/><line nr="131" mi="6" ci="0" mb="4" cb="0"/><line nr="132" mi="4" ci="0" mb="0" cb="0"/><line nr="133" mi="7" ci="0" mb="0" cb="0"/><line nr="136" mi="3" ci="0" mb="2" cb="0"/><line nr="137" mi="4" ci="0" mb="0" cb="0"/><line nr="139" mi="4" ci="0" mb="0" cb="0"/><line nr="141" mi="7" ci="0" mb="0" cb="0"/><line nr="144" mi="1" ci="0" mb="0" cb="0"/><line nr="145" mi="3" ci="0" mb="2" cb="0"/><line nr="146" mi="4" ci="0" mb="0" cb="0"/><line nr="148" mi="6" ci="0" mb="0" cb="0"/><line nr="155" mi="0" ci="3" mb="0" cb="0"/><line nr="156" mi="0" ci="1" mb="0" cb="0"/><line nr="160" mi="0" ci="3" mb="0" cb="0"/><line nr="161" mi="0" ci="1" mb="0" cb="0"/><line nr="165" mi="0" ci="3" mb="0" cb="0"/><line nr="166" mi="0" ci="1" mb="0" cb="0"/><line nr="170" mi="0" ci="3" mb="0" cb="0"/><line nr="171" mi="0" ci="1" mb="0" cb="0"/><line nr="175" mi="3" ci="0" mb="0" cb="0"/><line nr="181" mi="0" ci="6" mb="0" cb="0"/><line nr="182" mi="1" ci="0" mb="0" cb="0"/><line nr="183" mi="4" ci="0" mb="0" cb="0"/><line nr="184" mi="0" ci="1" mb="0" cb="0"/><line nr="186" mi="0" ci="4" mb="0" cb="0"/><line nr="187" mi="0" ci="5" mb="0" cb="0"/><line nr="188" mi="0" ci="1" mb="0" cb="0"/><line nr="196" mi="0" ci="2" mb="0" cb="0"/><line nr="197" mi="0" ci="3" mb="0" cb="0"/><line nr="198" mi="0" ci="1" mb="0" cb="0"/><line nr="202" mi="3" ci="0" mb="0" cb="0"/><line nr="203" mi="2" ci="0" mb="0" cb="0"/><line nr="204" mi="2" ci="0" mb="0" cb="0"/><line nr="206" mi="8" ci="0" mb="2" cb="0"/><line nr="208" mi="4" ci="0" mb="0" cb="0"/><line nr="209" mi="3" ci="0" mb="2" cb="0"/><line nr="210" mi="2" ci="0" mb="0" cb="0"/><line nr="212" mi="2" ci="0" mb="2" cb="0"/><line nr="213" mi="2" ci="0" mb="0" cb="0"/><line nr="215" mi="1" ci="0" mb="0" cb="0"/><line nr="216" mi="2" ci="0" mb="0" cb="0"/><line nr="217" mi="4" ci="0" mb="2" cb="0"/><line nr="218" mi="2" ci="0" mb="0" cb="0"/><line nr="223" mi="8" ci="0" mb="0" cb="0"/><line nr="224" mi="1" ci="0" mb="0" cb="0"/><line nr="225" mi="2" ci="0" mb="0" cb="0"/><line nr="226" mi="6" ci="0" mb="0" cb="0"/><line nr="227" mi="1" ci="0" mb="0" cb="0"/><line nr="228" mi="1" ci="0" mb="0" cb="0"/><line nr="231" mi="2" ci="0" mb="2" cb="0"/><line nr="232" mi="2" ci="0" mb="0" cb="0"/><line nr="234" mi="2" ci="0" mb="0" cb="0"/><counter type="INSTRUCTION" missed="235" covered="135"/><counter type="BRANCH" missed="29" covered="3"/><counter type="LINE" missed="67" covered="40"/><counter type="COMPLEXITY" missed="23" covered="10"/><counter type="METHOD" missed="7" covered="10"/><counter type="CLASS" missed="0" covered="2"/></sourcefile><counter type="INSTRUCTION" missed="235" covered="135"/><counter type="BRANCH" missed="29" covered="3"/><counter type="LINE" missed="67" covered="40"/><counter type="COMPLEXITY" missed="23" covered="10"/><counter type="METHOD" missed="7" covered="10"/><counter type="CLASS" missed="0" covered="2"/></package><package name="com/mcp/v2/client/transport"><class name="com/mcp/v2/client/transport/MCPTransport" sourcefilename="MCPTransport.java"/><sourcefile name="MCPTransport.java"/></package><package name="com/mcp/v2/client"><class name="com/mcp/v2/client/MCPClientException" sourcefilename="MCPClientException.java"><method name="&lt;init&gt;" desc="(Ljava/lang/String;)V" line="13"><counter type="INSTRUCTION" missed="10" covered="0"/><counter type="LINE" missed="4" covered="0"/><counter type="COMPLEXITY" missed="1" covered="0"/><counter type="METHOD" missed="1" covered="0"/></method><method name="&lt;init&gt;" desc="(Ljava/lang/String;Ljava/lang/Throwable;)V" line="19"><counter type="INSTRUCTION" missed="11" covered="0"/><counter type="LINE" missed="4" covered="0"/><counter type="COMPLEXITY" missed="1" covered="0"/><counter type="METHOD" missed="1" covered="0"/></method><method name="&lt;init&gt;" desc="(ILjava/lang/String;Ljava/lang/String;)V" line="25"><counter type="INSTRUCTION" missed="10" covered="0"/><counter type="LINE" missed="4" covered="0"/><counter type="COMPLEXITY" missed="1" covered="0"/><counter type="METHOD" missed="1" covered="0"/></method><method name="&lt;init&gt;" desc="(ILjava/lang/String;Ljava/lang/String;Ljava/lang/Throwable;)V" line="31"><counter type="INSTRUCTION" missed="11" covered="0"/><counter type="LINE" missed="4" covered="0"/><counter type="COMPLEXITY" missed="1" covered="0"/><counter type="METHOD" missed="1" covered="0"/></method><method name="getErrorCode" desc="()I" line="37"><counter type="INSTRUCTION" missed="3" covered="0"/><counter type="LINE" missed="1" covered="0"/><counter type="COMPLEXITY" missed="1" covered="0"/><counter type="METHOD" missed="1" covered="0"/></method><method name="getErrorType" desc="()Ljava/lang/String;" line="41"><counter type="INSTRUCTION" missed="3" covered="0"/><counter type="LINE" missed="1" covered="0"/><counter type="COMPLEXITY" missed="1" covered="0"/><counter type="METHOD" missed="1" covered="0"/></method><counter type="INSTRUCTION" missed="48" covered="0"/><counter type="LINE" missed="18" covered="0"/><counter type="COMPLEXITY" missed="6" covered="0"/><counter type="METHOD" missed="6" covered="0"/><counter type="CLASS" missed="1" covered="0"/></class><class name="com/mcp/v2/client/MCPClient" sourcefilename="MCPClient.java"/><class name="com/mcp/v2/client/MCPContextException" sourcefilename="MCPContextException.java"><method name="&lt;init&gt;" desc="(Ljava/lang/String;)V" line="10"><counter type="INSTRUCTION" missed="6" covered="0"/><counter type="LINE" missed="2" covered="0"/><counter type="COMPLEXITY" missed="1" covered="0"/><counter type="METHOD" missed="1" covered="0"/></method><method name="&lt;init&gt;" desc="(Ljava/lang/String;Ljava/lang/Throwable;)V" line="14"><counter type="INSTRUCTION" missed="7" covered="0"/><counter type="LINE" missed="2" covered="0"/><counter type="COMPLEXITY" missed="1" covered="0"/><counter type="METHOD" missed="1" covered="0"/></method><counter type="INSTRUCTION" missed="13" covered="0"/><counter type="LINE" missed="4" covered="0"/><counter type="COMPLEXITY" missed="2" covered="0"/><counter type="METHOD" missed="2" covered="0"/><counter type="CLASS" missed="1" covered="0"/></class><class name="com/mcp/v2/client/MCPTransportException" sourcefilename="MCPTransportException.java"><method name="&lt;init&gt;" desc="(Ljava/lang/String;)V" line="10"><counter type="INSTRUCTION" missed="6" covered="0"/><counter type="LINE" missed="2" covered="0"/><counter type="COMPLEXITY" missed="1" covered="0"/><counter type="METHOD" missed="1" covered="0"/></method><method name="&lt;init&gt;" desc="(Ljava/lang/String;Ljava/lang/Throwable;)V" line="14"><counter type="INSTRUCTION" missed="7" covered="0"/><counter type="LINE" missed="2" covered="0"/><counter type="COMPLEXITY" missed="1" covered="0"/><counter type="METHOD" missed="1" covered="0"/></method><counter type="INSTRUCTION" missed="13" covered="0"/><counter type="LINE" missed="4" covered="0"/><counter type="COMPLEXITY" missed="2" covered="0"/><counter type="METHOD" missed="2" covered="0"/><counter type="CLASS" missed="1" covered="0"/></class><class name="com/mcp/v2/client/MCPClientBuilder" sourcefilename="MCPClientBuilder.java"/><sourcefile name="MCPContextException.java"><line nr="10" mi="5" ci="0" mb="0" cb="0"/><line nr="11" mi="1" ci="0" mb="0" cb="0"/><line nr="14" mi="6" ci="0" mb="0" cb="0"/><line nr="15" mi="1" ci="0" mb="0" cb="0"/><counter type="INSTRUCTION" missed="13" covered="0"/><counter type="LINE" missed="4" covered="0"/><counter type="COMPLEXITY" missed="2" covered="0"/><counter type="METHOD" missed="2" covered="0"/><counter type="CLASS" missed="1" covered="0"/></sourcefile><sourcefile name="MCPClientException.java"><line nr="13" mi="3" ci="0" mb="0" cb="0"/><line nr="14" mi="3" ci="0" mb="0" cb="0"/><line nr="15" mi="3" ci="0" mb="0" cb="0"/><line nr="16" mi="1" ci="0" mb="0" cb="0"/><line nr="19" mi="4" ci="0" mb="0" cb="0"/><line nr="20" mi="3" ci="0" mb="0" cb="0"/><line nr="21" mi="3" ci="0" mb="0" cb="0"/><line nr="22" mi="1" ci="0" mb="0" cb="0"/><line nr="25" mi="3" ci="0" mb="0" cb="0"/><line nr="26" mi="3" ci="0" mb="0" cb="0"/><line nr="27" mi="3" ci="0" mb="0" cb="0"/><line nr="28" mi="1" ci="0" mb="0" cb="0"/><line nr="31" mi="4" ci="0" mb="0" cb="0"/><line nr="32" mi="3" ci="0" mb="0" cb="0"/><line nr="33" mi="3" ci="0" mb="0" cb="0"/><line nr="34" mi="1" ci="0" mb="0" cb="0"/><line nr="37" mi="3" ci="0" mb="0" cb="0"/><line nr="41" mi="3" ci="0" mb="0" cb="0"/><counter type="INSTRUCTION" missed="48" covered="0"/><counter type="LINE" missed="18" covered="0"/><counter type="COMPLEXITY" missed="6" covered="0"/><counter type="METHOD" missed="6" covered="0"/><counter type="CLASS" missed="1" covered="0"/></sourcefile><sourcefile name="MCPTransportException.java"><line nr="10" mi="5" ci="0" mb="0" cb="0"/><line nr="11" mi="1" ci="0" mb="0" cb="0"/><line nr="14" mi="6" ci="0" mb="0" cb="0"/><line nr="15" mi="1" ci="0" mb="0" cb="0"/><counter type="INSTRUCTION" missed="13" covered="0"/><counter type="LINE" missed="4" covered="0"/><counter type="COMPLEXITY" missed="2" covered="0"/><counter type="METHOD" missed="2" covered="0"/><counter type="CLASS" missed="1" covered="0"/></sourcefile><sourcefile name="MCPClientBuilder.java"/><sourcefile name="MCPClient.java"/><counter type="INSTRUCTION" missed="74" covered="0"/><counter type="LINE" missed="26" covered="0"/><counter type="COMPLEXITY" missed="10" covered="0"/><counter type="METHOD" missed="10" covered="0"/><counter type="CLASS" missed="3" covered="0"/></package><package name="com/mcp/v2/client/types"><class name="com/mcp/v2/client/types/MCPTypes" sourcefilename="MCPTypes.java"><method name="&lt;init&gt;" desc="()V" line="14"><counter type="INSTRUCTION" missed="3" covered="0"/><counter type="LINE" missed="1" covered="0"/><counter type="COMPLEXITY" missed="1" covered="0"/><counter type="METHOD" missed="1" covered="0"/></method><counter type="INSTRUCTION" missed="3" covered="0"/><counter type="LINE" missed="1" covered="0"/><counter type="COMPLEXITY" missed="1" covered="0"/><counter type="METHOD" missed="1" covered="0"/><counter type="CLASS" missed="1" covered="0"/></class><class name="com/mcp/v2/client/types/MCPTypes$EventType" sourcefilename="MCPTypes.java"><method name="&lt;init&gt;" desc="(Ljava/lang/String;ILjava/lang/String;)V" line="385"><counter type="INSTRUCTION" missed="0" covered="8"/><counter type="LINE" missed="0" covered="3"/><counter type="COMPLEXITY" missed="0" covered="1"/><counter type="METHOD" missed="0" covered="1"/></method><method name="getValue" desc="()Ljava/lang/String;" line="390"><counter type="INSTRUCTION" missed="0" covered="3"/><counter type="LINE" missed="0" covered="1"/><counter type="COMPLEXITY" missed="0" covered="1"/><counter type="METHOD" missed="0" covered="1"/></method><method name="toString" desc="()Ljava/lang/String;" line="395"><counter type="INSTRUCTION" missed="3" covered="0"/><counter type="LINE" missed="1" covered="0"/><counter type="COMPLEXITY" missed="1" covered="0"/><counter type="METHOD" missed="1" covered="0"/></method><method name="&lt;clinit&gt;" desc="()V" line="373"><counter type="INSTRUCTION" missed="0" covered="59"/><counter type="LINE" missed="0" covered="9"/><counter type="COMPLEXITY" missed="0" covered="1"/><counter type="METHOD" missed="0" covered="1"/></method><counter type="INSTRUCTION" missed="3" covered="70"/><counter type="LINE" missed="1" covered="13"/><counter type="COMPLEXITY" missed="1" covered="3"/><counter type="METHOD" missed="1" covered="3"/><counter type="CLASS" missed="0" covered="1"/></class><class name="com/mcp/v2/client/types/MCPTypes$MCPMessage" sourcefilename="MCPTypes.java"/><class name="com/mcp/v2/client/types/MCPTypes$MCPResponse" sourcefilename="MCPTypes.java"><method name="&lt;init&gt;" desc="()V" line="101"><counter type="INSTRUCTION" missed="0" covered="12"/><counter type="LINE" missed="0" covered="5"/><counter type="COMPLEXITY" missed="0" covered="1"/><counter type="METHOD" missed="0" covered="1"/></method><method name="&lt;init&gt;" desc="(Ljava/lang/String;Lcom/fasterxml/jackson/databind/JsonNode;)V" line="128"><counter type="INSTRUCTION" missed="0" covered="9"/><counter type="LINE" missed="0" covered="4"/><counter type="COMPLEXITY" missed="0" covered="1"/><counter type="METHOD" missed="0" covered="1"/></method><method name="&lt;init&gt;" desc="(Ljava/lang/String;Lcom/mcp/v2/client/types/MCPTypes$MCPError;)V" line="134"><counter type="INSTRUCTION" missed="0" covered="9"/><counter type="LINE" missed="0" covered="4"/><counter type="COMPLEXITY" missed="0" covered="1"/><counter type="METHOD" missed="0" covered="1"/></method><method name="getId" desc="()Ljava/lang/String;" line="140"><counter type="INSTRUCTION" missed="0" covered="3"/><counter type="LINE" missed="0" covered="1"/><counter type="COMPLEXITY" missed="0" covered="1"/><counter type="METHOD" missed="0" covered="1"/></method><method name="setId" desc="(Ljava/lang/String;)V" line="141"><counter type="INSTRUCTION" missed="4" covered="0"/><counter type="LINE" missed="1" covered="0"/><counter type="COMPLEXITY" missed="1" covered="0"/><counter type="METHOD" missed="1" covered="0"/></method><method name="getJsonrpc" desc="()Ljava/lang/String;" line="143"><counter type="INSTRUCTION" missed="0" covered="3"/><counter type="LINE" missed="0" covered="1"/><counter type="COMPLEXITY" missed="0" covered="1"/><counter type="METHOD" missed="0" covered="1"/></method><method name="setJsonrpc" desc="(Ljava/lang/String;)V" line="144"><counter type="INSTRUCTION" missed="4" covered="0"/><counter type="LINE" missed="1" covered="0"/><counter type="COMPLEXITY" missed="1" covered="0"/><counter type="METHOD" missed="1" covered="0"/></method><method name="getResult" desc="()Lcom/fasterxml/jackson/databind/JsonNode;" line="146"><counter type="INSTRUCTION" missed="0" covered="3"/><counter type="LINE" missed="0" covered="1"/><counter type="COMPLEXITY" missed="0" covered="1"/><counter type="METHOD" missed="0" covered="1"/></method><method name="setResult" desc="(Lcom/fasterxml/jackson/databind/JsonNode;)V" line="147"><counter type="INSTRUCTION" missed="4" covered="0"/><counter type="LINE" missed="1" covered="0"/><counter type="COMPLEXITY" missed="1" covered="0"/><counter type="METHOD" missed="1" covered="0"/></method><method name="getError" desc="()Lcom/mcp/v2/client/types/MCPTypes$MCPError;" line="149"><counter type="INSTRUCTION" missed="0" covered="3"/><counter type="LINE" missed="0" covered="1"/><counter type="COMPLEXITY" missed="0" covered="1"/><counter type="METHOD" missed="0" covered="1"/></method><method name="setError" desc="(Lcom/mcp/v2/client/types/MCPTypes$MCPError;)V" line="150"><counter type="INSTRUCTION" missed="4" covered="0"/><counter type="LINE" missed="1" covered="0"/><counter type="COMPLEXITY" missed="1" covered="0"/><counter type="METHOD" missed="1" covered="0"/></method><method name="getVersion" desc="()Ljava/lang/String;" line="152"><counter type="INSTRUCTION" missed="0" covered="3"/><counter type="LINE" missed="0" covered="1"/><counter type="COMPLEXITY" missed="0" covered="1"/><counter type="METHOD" missed="0" covered="1"/></method><method name="setVersion" desc="(Ljava/lang/String;)V" line="153"><counter type="INSTRUCTION" missed="4" covered="0"/><counter type="LINE" missed="1" covered="0"/><counter type="COMPLEXITY" missed="1" covered="0"/><counter type="METHOD" missed="1" covered="0"/></method><method name="getTimestamp" desc="()Ljava/time/Instant;" line="155"><counter type="INSTRUCTION" missed="0" covered="3"/><counter type="LINE" missed="0" covered="1"/><counter type="COMPLEXITY" missed="0" covered="1"/><counter type="METHOD" missed="0" covered="1"/></method><method name="setTimestamp" desc="(Ljava/time/Instant;)V" line="156"><counter type="INSTRUCTION" missed="4" covered="0"/><counter type="LINE" missed="1" covered="0"/><counter type="COMPLEXITY" missed="1" covered="0"/><counter type="METHOD" missed="1" covered="0"/></method><method name="getMetadata" desc="()Ljava/util/Map;" line="158"><counter type="INSTRUCTION" missed="3" covered="0"/><counter type="LINE" missed="1" covered="0"/><counter type="COMPLEXITY" missed="1" covered="0"/><counter type="METHOD" missed="1" covered="0"/></method><method name="setMetadata" desc="(Ljava/util/Map;)V" line="159"><counter type="INSTRUCTION" missed="4" covered="0"/><counter type="LINE" missed="1" covered="0"/><counter type="COMPLEXITY" missed="1" covered="0"/><counter type="METHOD" missed="1" covered="0"/></method><method name="getContext" desc="()Lcom/mcp/v2/client/types/MCPTypes$ContextInfo;" line="161"><counter type="INSTRUCTION" missed="3" covered="0"/><counter type="LINE" missed="1" covered="0"/><counter type="COMPLEXITY" missed="1" covered="0"/><counter type="METHOD" missed="1" covered="0"/></method><method name="setContext" desc="(Lcom/mcp/v2/client/types/MCPTypes$ContextInfo;)V" line="162"><counter type="INSTRUCTION" missed="4" covered="0"/><counter type="LINE" missed="1" covered="0"/><counter type="COMPLEXITY" missed="1" covered="0"/><counter type="METHOD" missed="1" covered="0"/></method><method name="isSuccess" desc="()Z" line="164"><counter type="INSTRUCTION" missed="0" covered="7"/><counter type="BRANCH" missed="0" covered="2"/><counter type="LINE" missed="0" covered="1"/><counter type="COMPLEXITY" missed="0" covered="2"/><counter type="METHOD" missed="0" covered="1"/></method><counter type="INSTRUCTION" missed="38" covered="55"/><counter type="BRANCH" missed="0" covered="2"/><counter type="LINE" missed="10" covered="20"/><counter type="COMPLEXITY" missed="10" covered="11"/><counter type="METHOD" missed="10" covered="10"/><counter type="CLASS" missed="0" covered="1"/></class><class name="com/mcp/v2/client/types/MCPTypes$ContextInfo" sourcefilename="MCPTypes.java"><method name="&lt;init&gt;" desc="()V" line="250"><counter type="INSTRUCTION" missed="3" covered="0"/><counter type="LINE" missed="1" covered="0"/><counter type="COMPLEXITY" missed="1" covered="0"/><counter type="METHOD" missed="1" covered="0"/></method><method name="&lt;init&gt;" desc="(Ljava/lang/String;Ljava/lang/String;Ljava/lang/String;)V" line="252"><counter type="INSTRUCTION" missed="0" covered="12"/><counter type="LINE" missed="0" covered="5"/><counter type="COMPLEXITY" missed="0" covered="1"/><counter type="METHOD" missed="0" covered="1"/></method><method name="getSessionId" desc="()Ljava/lang/String;" line="259"><counter type="INSTRUCTION" missed="0" covered="3"/><counter type="LINE" missed="0" covered="1"/><counter type="COMPLEXITY" missed="0" covered="1"/><counter type="METHOD" missed="0" covered="1"/></method><method name="setSessionId" desc="(Ljava/lang/String;)V" line="260"><counter type="INSTRUCTION" missed="4" covered="0"/><counter type="LINE" missed="1" covered="0"/><counter type="COMPLEXITY" missed="1" covered="0"/><counter type="METHOD" missed="1" covered="0"/></method><method name="getUserId" desc="()Ljava/lang/String;" line="262"><counter type="INSTRUCTION" missed="0" covered="3"/><counter type="LINE" missed="0" covered="1"/><counter type="COMPLEXITY" missed="0" covered="1"/><counter type="METHOD" missed="0" covered="1"/></method><method name="setUserId" desc="(Ljava/lang/String;)V" line="263"><counter type="INSTRUCTION" missed="4" covered="0"/><counter type="LINE" missed="1" covered="0"/><counter type="COMPLEXITY" missed="1" covered="0"/><counter type="METHOD" missed="1" covered="0"/></method><method name="getClientId" desc="()Ljava/lang/String;" line="265"><counter type="INSTRUCTION" missed="0" covered="3"/><counter type="LINE" missed="0" covered="1"/><counter type="COMPLEXITY" missed="0" covered="1"/><counter type="METHOD" missed="0" covered="1"/></method><method name="setClientId" desc="(Ljava/lang/String;)V" line="266"><counter type="INSTRUCTION" missed="4" covered="0"/><counter type="LINE" missed="1" covered="0"/><counter type="COMPLEXITY" missed="1" covered="0"/><counter type="METHOD" missed="1" covered="0"/></method><method name="getCapabilities" desc="()Ljava/util/Map;" line="268"><counter type="INSTRUCTION" missed="0" covered="3"/><counter type="LINE" missed="0" covered="1"/><counter type="COMPLEXITY" missed="0" covered="1"/><counter type="METHOD" missed="0" covered="1"/></method><method name="setCapabilities" desc="(Ljava/util/Map;)V" line="269"><counter type="INSTRUCTION" missed="4" covered="0"/><counter type="LINE" missed="1" covered="0"/><counter type="COMPLEXITY" missed="1" covered="0"/><counter type="METHOD" missed="1" covered="0"/></method><method name="getMetadata" desc="()Ljava/util/Map;" line="271"><counter type="INSTRUCTION" missed="0" covered="3"/><counter type="LINE" missed="0" covered="1"/><counter type="COMPLEXITY" missed="0" covered="1"/><counter type="METHOD" missed="0" covered="1"/></method><method name="setMetadata" desc="(Ljava/util/Map;)V" line="272"><counter type="INSTRUCTION" missed="4" covered="0"/><counter type="LINE" missed="1" covered="0"/><counter type="COMPLEXITY" missed="1" covered="0"/><counter type="METHOD" missed="1" covered="0"/></method><method name="getTtl" desc="()Ljava/lang/Long;" line="274"><counter type="INSTRUCTION" missed="0" covered="3"/><counter type="LINE" missed="0" covered="1"/><counter type="COMPLEXITY" missed="0" covered="1"/><counter type="METHOD" missed="0" covered="1"/></method><method name="setTtl" desc="(Ljava/lang/Long;)V" line="275"><counter type="INSTRUCTION" missed="0" covered="4"/><counter type="LINE" missed="0" covered="1"/><counter type="COMPLEXITY" missed="0" covered="1"/><counter type="METHOD" missed="0" covered="1"/></method><method name="getPriority" desc="()Ljava/lang/Integer;" line="277"><counter type="INSTRUCTION" missed="0" covered="3"/><counter type="LINE" missed="0" covered="1"/><counter type="COMPLEXITY" missed="0" covered="1"/><counter type="METHOD" missed="0" covered="1"/></method><method name="setPriority" desc="(Ljava/lang/Integer;)V" line="278"><counter type="INSTRUCTION" missed="0" covered="4"/><counter type="LINE" missed="0" covered="1"/><counter type="COMPLEXITY" missed="0" covered="1"/><counter type="METHOD" missed="0" covered="1"/></method><method name="getTags" desc="()[Ljava/lang/String;" line="280"><counter type="INSTRUCTION" missed="0" covered="3"/><counter type="LINE" missed="0" covered="1"/><counter type="COMPLEXITY" missed="0" covered="1"/><counter type="METHOD" missed="0" covered="1"/></method><method name="setTags" desc="([Ljava/lang/String;)V" line="281"><counter type="INSTRUCTION" missed="4" covered="0"/><counter type="LINE" missed="1" covered="0"/><counter type="COMPLEXITY" missed="1" covered="0"/><counter type="METHOD" missed="1" covered="0"/></method><counter type="INSTRUCTION" missed="27" covered="44"/><counter type="LINE" missed="7" covered="15"/><counter type="COMPLEXITY" missed="7" covered="11"/><counter type="METHOD" missed="7" covered="11"/><counter type="CLASS" missed="0" covered="1"/></class><class name="com/mcp/v2/client/types/MCPTypes$EventData" sourcefilename="MCPTypes.java"><method name="&lt;init&gt;" desc="()V" line="423"><counter type="INSTRUCTION" missed="0" covered="6"/><counter type="LINE" missed="0" covered="3"/><counter type="COMPLEXITY" missed="0" covered="1"/><counter type="METHOD" missed="0" covered="1"/></method><method name="&lt;init&gt;" desc="(Lcom/mcp/v2/client/types/MCPTypes$EventType;Lcom/fasterxml/jackson/databind/JsonNode;)V" line="428"><counter type="INSTRUCTION" missed="0" covered="9"/><counter type="LINE" missed="0" covered="4"/><counter type="COMPLEXITY" missed="0" covered="1"/><counter type="METHOD" missed="0" covered="1"/></method><method name="getType" desc="()Lcom/mcp/v2/client/types/MCPTypes$EventType;" line="434"><counter type="INSTRUCTION" missed="0" covered="3"/><counter type="LINE" missed="0" covered="1"/><counter type="COMPLEXITY" missed="0" covered="1"/><counter type="METHOD" missed="0" covered="1"/></method><method name="setType" desc="(Lcom/mcp/v2/client/types/MCPTypes$EventType;)V" line="435"><counter type="INSTRUCTION" missed="4" covered="0"/><counter type="LINE" missed="1" covered="0"/><counter type="COMPLEXITY" missed="1" covered="0"/><counter type="METHOD" missed="1" covered="0"/></method><method name="getTimestamp" desc="()Ljava/time/Instant;" line="437"><counter type="INSTRUCTION" missed="3" covered="0"/><counter type="LINE" missed="1" covered="0"/><counter type="COMPLEXITY" missed="1" covered="0"/><counter type="METHOD" missed="1" covered="0"/></method><method name="setTimestamp" desc="(Ljava/time/Instant;)V" line="438"><counter type="INSTRUCTION" missed="4" covered="0"/><counter type="LINE" missed="1" covered="0"/><counter type="COMPLEXITY" missed="1" covered="0"/><counter type="METHOD" missed="1" covered="0"/></method><method name="getData" desc="()Lcom/fasterxml/jackson/databind/JsonNode;" line="440"><counter type="INSTRUCTION" missed="3" covered="0"/><counter type="LINE" missed="1" covered="0"/><counter type="COMPLEXITY" missed="1" covered="0"/><counter type="METHOD" missed="1" covered="0"/></method><method name="setData" desc="(Lcom/fasterxml/jackson/databind/JsonNode;)V" line="441"><counter type="INSTRUCTION" missed="4" covered="0"/><counter type="LINE" missed="1" covered="0"/><counter type="COMPLEXITY" missed="1" covered="0"/><counter type="METHOD" missed="1" covered="0"/></method><method name="getSource" desc="()Ljava/lang/String;" line="443"><counter type="INSTRUCTION" missed="3" covered="0"/><counter type="LINE" missed="1" covered="0"/><counter type="COMPLEXITY" missed="1" covered="0"/><counter type="METHOD" missed="1" covered="0"/></method><method name="setSource" desc="(Ljava/lang/String;)V" line="444"><counter type="INSTRUCTION" missed="0" covered="4"/><counter type="LINE" missed="0" covered="1"/><counter type="COMPLEXITY" missed="0" covered="1"/><counter type="METHOD" missed="0" covered="1"/></method><method name="getTarget" desc="()Ljava/lang/String;" line="446"><counter type="INSTRUCTION" missed="3" covered="0"/><counter type="LINE" missed="1" covered="0"/><counter type="COMPLEXITY" missed="1" covered="0"/><counter type="METHOD" missed="1" covered="0"/></method><method name="setTarget" desc="(Ljava/lang/String;)V" line="447"><counter type="INSTRUCTION" missed="4" covered="0"/><counter type="LINE" missed="1" covered="0"/><counter type="COMPLEXITY" missed="1" covered="0"/><counter type="METHOD" missed="1" covered="0"/></method><method name="getMetadata" desc="()Ljava/util/Map;" line="449"><counter type="INSTRUCTION" missed="3" covered="0"/><counter type="LINE" missed="1" covered="0"/><counter type="COMPLEXITY" missed="1" covered="0"/><counter type="METHOD" missed="1" covered="0"/></method><method name="setMetadata" desc="(Ljava/util/Map;)V" line="450"><counter type="INSTRUCTION" missed="4" covered="0"/><counter type="LINE" missed="1" covered="0"/><counter type="COMPLEXITY" missed="1" covered="0"/><counter type="METHOD" missed="1" covered="0"/></method><counter type="INSTRUCTION" missed="35" covered="22"/><counter type="LINE" missed="10" covered="9"/><counter type="COMPLEXITY" missed="10" covered="4"/><counter type="METHOD" missed="10" covered="4"/><counter type="CLASS" missed="0" covered="1"/></class><class name="com/mcp/v2/client/types/MCPTypes$MCPRequest" sourcefilename="MCPTypes.java"><method name="&lt;init&gt;" desc="()V" line="34"><counter type="INSTRUCTION" missed="0" covered="12"/><counter type="LINE" missed="0" covered="5"/><counter type="COMPLEXITY" missed="0" covered="1"/><counter type="METHOD" missed="0" covered="1"/></method><method name="&lt;init&gt;" desc="(Ljava/lang/String;Ljava/lang/String;Lcom/fasterxml/jackson/databind/JsonNode;)V" line="61"><counter type="INSTRUCTION" missed="0" covered="12"/><counter type="LINE" missed="0" covered="5"/><counter type="COMPLEXITY" missed="0" covered="1"/><counter type="METHOD" missed="0" covered="1"/></method><method name="getId" desc="()Ljava/lang/String;" line="68"><counter type="INSTRUCTION" missed="0" covered="3"/><counter type="LINE" missed="0" covered="1"/><counter type="COMPLEXITY" missed="0" covered="1"/><counter type="METHOD" missed="0" covered="1"/></method><method name="setId" desc="(Ljava/lang/String;)V" line="69"><counter type="INSTRUCTION" missed="4" covered="0"/><counter type="LINE" missed="1" covered="0"/><counter type="COMPLEXITY" missed="1" covered="0"/><counter type="METHOD" missed="1" covered="0"/></method><method name="getJsonrpc" desc="()Ljava/lang/String;" line="71"><counter type="INSTRUCTION" missed="0" covered="3"/><counter type="LINE" missed="0" covered="1"/><counter type="COMPLEXITY" missed="0" covered="1"/><counter type="METHOD" missed="0" covered="1"/></method><method name="setJsonrpc" desc="(Ljava/lang/String;)V" line="72"><counter type="INSTRUCTION" missed="4" covered="0"/><counter type="LINE" missed="1" covered="0"/><counter type="COMPLEXITY" missed="1" covered="0"/><counter type="METHOD" missed="1" covered="0"/></method><method name="getMethod" desc="()Ljava/lang/String;" line="74"><counter type="INSTRUCTION" missed="0" covered="3"/><counter type="LINE" missed="0" covered="1"/><counter type="COMPLEXITY" missed="0" covered="1"/><counter type="METHOD" missed="0" covered="1"/></method><method name="setMethod" desc="(Ljava/lang/String;)V" line="75"><counter type="INSTRUCTION" missed="4" covered="0"/><counter type="LINE" missed="1" covered="0"/><counter type="COMPLEXITY" missed="1" covered="0"/><counter type="METHOD" missed="1" covered="0"/></method><method name="getParams" desc="()Lcom/fasterxml/jackson/databind/JsonNode;" line="77"><counter type="INSTRUCTION" missed="0" covered="3"/><counter type="LINE" missed="0" covered="1"/><counter type="COMPLEXITY" missed="0" covered="1"/><counter type="METHOD" missed="0" covered="1"/></method><method name="setParams" desc="(Lcom/fasterxml/jackson/databind/JsonNode;)V" line="78"><counter type="INSTRUCTION" missed="4" covered="0"/><counter type="LINE" missed="1" covered="0"/><counter type="COMPLEXITY" missed="1" covered="0"/><counter type="METHOD" missed="1" covered="0"/></method><method name="getVersion" desc="()Ljava/lang/String;" line="80"><counter type="INSTRUCTION" missed="0" covered="3"/><counter type="LINE" missed="0" covered="1"/><counter type="COMPLEXITY" missed="0" covered="1"/><counter type="METHOD" missed="0" covered="1"/></method><method name="setVersion" desc="(Ljava/lang/String;)V" line="81"><counter type="INSTRUCTION" missed="4" covered="0"/><counter type="LINE" missed="1" covered="0"/><counter type="COMPLEXITY" missed="1" covered="0"/><counter type="METHOD" missed="1" covered="0"/></method><method name="getTimestamp" desc="()Ljava/time/Instant;" line="83"><counter type="INSTRUCTION" missed="0" covered="3"/><counter type="LINE" missed="0" covered="1"/><counter type="COMPLEXITY" missed="0" covered="1"/><counter type="METHOD" missed="0" covered="1"/></method><method name="setTimestamp" desc="(Ljava/time/Instant;)V" line="84"><counter type="INSTRUCTION" missed="4" covered="0"/><counter type="LINE" missed="1" covered="0"/><counter type="COMPLEXITY" missed="1" covered="0"/><counter type="METHOD" missed="1" covered="0"/></method><method name="getMetadata" desc="()Ljava/util/Map;" line="86"><counter type="INSTRUCTION" missed="3" covered="0"/><counter type="LINE" missed="1" covered="0"/><counter type="COMPLEXITY" missed="1" covered="0"/><counter type="METHOD" missed="1" covered="0"/></method><method name="setMetadata" desc="(Ljava/util/Map;)V" line="87"><counter type="INSTRUCTION" missed="4" covered="0"/><counter type="LINE" missed="1" covered="0"/><counter type="COMPLEXITY" missed="1" covered="0"/><counter type="METHOD" missed="1" covered="0"/></method><method name="getContext" desc="()Lcom/mcp/v2/client/types/MCPTypes$ContextInfo;" line="89"><counter type="INSTRUCTION" missed="3" covered="0"/><counter type="LINE" missed="1" covered="0"/><counter type="COMPLEXITY" missed="1" covered="0"/><counter type="METHOD" missed="1" covered="0"/></method><method name="setContext" desc="(Lcom/mcp/v2/client/types/MCPTypes$ContextInfo;)V" line="90"><counter type="INSTRUCTION" missed="4" covered="0"/><counter type="LINE" missed="1" covered="0"/><counter type="COMPLEXITY" missed="1" covered="0"/><counter type="METHOD" missed="1" covered="0"/></method><counter type="INSTRUCTION" missed="38" covered="42"/><counter type="LINE" missed="10" covered="16"/><counter type="COMPLEXITY" missed="10" covered="8"/><counter type="METHOD" missed="10" covered="8"/><counter type="CLASS" missed="0" covered="1"/></class><class name="com/mcp/v2/client/types/MCPTypes$MCPError" sourcefilename="MCPTypes.java"><method name="&lt;init&gt;" desc="()V" line="188"><counter type="INSTRUCTION" missed="0" covered="6"/><counter type="LINE" missed="0" covered="3"/><counter type="COMPLEXITY" missed="0" covered="1"/><counter type="METHOD" missed="0" covered="1"/></method><method name="&lt;init&gt;" desc="(ILjava/lang/String;)V" line="193"><counter type="INSTRUCTION" missed="0" covered="9"/><counter type="LINE" missed="0" covered="4"/><counter type="COMPLEXITY" missed="0" covered="1"/><counter type="METHOD" missed="0" covered="1"/></method><method name="&lt;init&gt;" desc="(ILjava/lang/String;Ljava/lang/String;)V" line="199"><counter type="INSTRUCTION" missed="0" covered="8"/><counter type="LINE" missed="0" covered="3"/><counter type="COMPLEXITY" missed="0" covered="1"/><counter type="METHOD" missed="0" covered="1"/></method><method name="getCode" desc="()I" line="204"><counter type="INSTRUCTION" missed="0" covered="3"/><counter type="LINE" missed="0" covered="1"/><counter type="COMPLEXITY" missed="0" covered="1"/><counter type="METHOD" missed="0" covered="1"/></method><method name="setCode" desc="(I)V" line="205"><counter type="INSTRUCTION" missed="4" covered="0"/><counter type="LINE" missed="1" covered="0"/><counter type="COMPLEXITY" missed="1" covered="0"/><counter type="METHOD" missed="1" covered="0"/></method><method name="getMessage" desc="()Ljava/lang/String;" line="207"><counter type="INSTRUCTION" missed="0" covered="3"/><counter type="LINE" missed="0" covered="1"/><counter type="COMPLEXITY" missed="0" covered="1"/><counter type="METHOD" missed="0" covered="1"/></method><method name="setMessage" desc="(Ljava/lang/String;)V" line="208"><counter type="INSTRUCTION" missed="4" covered="0"/><counter type="LINE" missed="1" covered="0"/><counter type="COMPLEXITY" missed="1" covered="0"/><counter type="METHOD" missed="1" covered="0"/></method><method name="getData" desc="()Lcom/fasterxml/jackson/databind/JsonNode;" line="210"><counter type="INSTRUCTION" missed="3" covered="0"/><counter type="LINE" missed="1" covered="0"/><counter type="COMPLEXITY" missed="1" covered="0"/><counter type="METHOD" missed="1" covered="0"/></method><method name="setData" desc="(Lcom/fasterxml/jackson/databind/JsonNode;)V" line="211"><counter type="INSTRUCTION" missed="4" covered="0"/><counter type="LINE" missed="1" covered="0"/><counter type="COMPLEXITY" missed="1" covered="0"/><counter type="METHOD" missed="1" covered="0"/></method><method name="getType" desc="()Ljava/lang/String;" line="213"><counter type="INSTRUCTION" missed="0" covered="3"/><counter type="LINE" missed="0" covered="1"/><counter type="COMPLEXITY" missed="0" covered="1"/><counter type="METHOD" missed="0" covered="1"/></method><method name="setType" desc="(Ljava/lang/String;)V" line="214"><counter type="INSTRUCTION" missed="4" covered="0"/><counter type="LINE" missed="1" covered="0"/><counter type="COMPLEXITY" missed="1" covered="0"/><counter type="METHOD" missed="1" covered="0"/></method><method name="getTimestamp" desc="()Ljava/time/Instant;" line="216"><counter type="INSTRUCTION" missed="3" covered="0"/><counter type="LINE" missed="1" covered="0"/><counter type="COMPLEXITY" missed="1" covered="0"/><counter type="METHOD" missed="1" covered="0"/></method><method name="setTimestamp" desc="(Ljava/time/Instant;)V" line="217"><counter type="INSTRUCTION" missed="4" covered="0"/><counter type="LINE" missed="1" covered="0"/><counter type="COMPLEXITY" missed="1" covered="0"/><counter type="METHOD" missed="1" covered="0"/></method><counter type="INSTRUCTION" missed="26" covered="32"/><counter type="LINE" missed="7" covered="13"/><counter type="COMPLEXITY" missed="7" covered="6"/><counter type="METHOD" missed="7" covered="6"/><counter type="CLASS" missed="0" covered="1"/></class><class name="com/mcp/v2/client/types/MCPTypes$ErrorCodes" sourcefilename="MCPTypes.java"><method name="&lt;init&gt;" desc="()V" line="456"><counter type="INSTRUCTION" missed="3" covered="0"/><counter type="LINE" missed="1" covered="0"/><counter type="COMPLEXITY" missed="1" covered="0"/><counter type="METHOD" missed="1" covered="0"/></method><counter type="INSTRUCTION" missed="3" covered="0"/><counter type="LINE" missed="1" covered="0"/><counter type="COMPLEXITY" missed="1" covered="0"/><counter type="METHOD" missed="1" covered="0"/><counter type="CLASS" missed="1" covered="0"/></class><class name="com/mcp/v2/client/types/MCPTypes$ClientConfig" sourcefilename="MCPTypes.java"><method name="&lt;init&gt;" desc="()V" line="328"><counter type="INSTRUCTION" missed="15" covered="0"/><counter type="LINE" missed="5" covered="0"/><counter type="COMPLEXITY" missed="1" covered="0"/><counter type="METHOD" missed="1" covered="0"/></method><method name="&lt;init&gt;" desc="(Ljava/lang/String;Lcom/mcp/v2/client/types/MCPTypes$TransportConfig;)V" line="328"><counter type="INSTRUCTION" missed="0" covered="21"/><counter type="LINE" missed="0" covered="8"/><counter type="COMPLEXITY" missed="0" covered="1"/><counter type="METHOD" missed="0" covered="1"/></method><method name="getClientId" desc="()Ljava/lang/String;" line="345"><counter type="INSTRUCTION" missed="0" covered="3"/><counter type="LINE" missed="0" covered="1"/><counter type="COMPLEXITY" missed="0" covered="1"/><counter type="METHOD" missed="0" covered="1"/></method><method name="setClientId" desc="(Ljava/lang/String;)V" line="346"><counter type="INSTRUCTION" missed="4" covered="0"/><counter type="LINE" missed="1" covered="0"/><counter type="COMPLEXITY" missed="1" covered="0"/><counter type="METHOD" missed="1" covered="0"/></method><method name="getVersion" desc="()Ljava/lang/String;" line="348"><counter type="INSTRUCTION" missed="0" covered="3"/><counter type="LINE" missed="0" covered="1"/><counter type="COMPLEXITY" missed="0" covered="1"/><counter type="METHOD" missed="0" covered="1"/></method><method name="setVersion" desc="(Ljava/lang/String;)V" line="349"><counter type="INSTRUCTION" missed="4" covered="0"/><counter type="LINE" missed="1" covered="0"/><counter type="COMPLEXITY" missed="1" covered="0"/><counter type="METHOD" missed="1" covered="0"/></method><method name="getTransport" desc="()Lcom/mcp/v2/client/types/MCPTypes$TransportConfig;" line="351"><counter type="INSTRUCTION" missed="0" covered="3"/><counter type="LINE" missed="0" covered="1"/><counter type="COMPLEXITY" missed="0" covered="1"/><counter type="METHOD" missed="0" covered="1"/></method><method name="setTransport" desc="(Lcom/mcp/v2/client/types/MCPTypes$TransportConfig;)V" line="352"><counter type="INSTRUCTION" missed="4" covered="0"/><counter type="LINE" missed="1" covered="0"/><counter type="COMPLEXITY" missed="1" covered="0"/><counter type="METHOD" missed="1" covered="0"/></method><method name="getDefaultContext" desc="()Lcom/mcp/v2/client/types/MCPTypes$ContextInfo;" line="354"><counter type="INSTRUCTION" missed="0" covered="3"/><counter type="LINE" missed="0" covered="1"/><counter type="COMPLEXITY" missed="0" covered="1"/><counter type="METHOD" missed="0" covered="1"/></method><method name="setDefaultContext" desc="(Lcom/mcp/v2/client/types/MCPTypes$ContextInfo;)V" line="355"><counter type="INSTRUCTION" missed="0" covered="4"/><counter type="LINE" missed="0" covered="1"/><counter type="COMPLEXITY" missed="0" covered="1"/><counter type="METHOD" missed="0" covered="1"/></method><method name="isEnableCaching" desc="()Z" line="357"><counter type="INSTRUCTION" missed="0" covered="3"/><counter type="LINE" missed="0" covered="1"/><counter type="COMPLEXITY" missed="0" covered="1"/><counter type="METHOD" missed="0" covered="1"/></method><method name="setEnableCaching" desc="(Z)V" line="358"><counter type="INSTRUCTION" missed="0" covered="4"/><counter type="LINE" missed="0" covered="1"/><counter type="COMPLEXITY" missed="0" covered="1"/><counter type="METHOD" missed="0" covered="1"/></method><method name="isEnableMetrics" desc="()Z" line="360"><counter type="INSTRUCTION" missed="0" covered="3"/><counter type="LINE" missed="0" covered="1"/><counter type="COMPLEXITY" missed="0" covered="1"/><counter type="METHOD" missed="0" covered="1"/></method><method name="setEnableMetrics" desc="(Z)V" line="361"><counter type="INSTRUCTION" missed="0" covered="4"/><counter type="LINE" missed="0" covered="1"/><counter type="COMPLEXITY" missed="0" covered="1"/><counter type="METHOD" missed="0" covered="1"/></method><method name="isEnableLogging" desc="()Z" line="363"><counter type="INSTRUCTION" missed="0" covered="3"/><counter type="LINE" missed="0" covered="1"/><counter type="COMPLEXITY" missed="0" covered="1"/><counter type="METHOD" missed="0" covered="1"/></method><method name="setEnableLogging" desc="(Z)V" line="364"><counter type="INSTRUCTION" missed="0" covered="4"/><counter type="LINE" missed="0" covered="1"/><counter type="COMPLEXITY" missed="0" covered="1"/><counter type="METHOD" missed="0" covered="1"/></method><method name="getMetadata" desc="()Ljava/util/Map;" line="366"><counter type="INSTRUCTION" missed="0" covered="3"/><counter type="LINE" missed="0" covered="1"/><counter type="COMPLEXITY" missed="0" covered="1"/><counter type="METHOD" missed="0" covered="1"/></method><method name="setMetadata" desc="(Ljava/util/Map;)V" line="367"><counter type="INSTRUCTION" missed="0" covered="4"/><counter type="LINE" missed="0" covered="1"/><counter type="COMPLEXITY" missed="0" covered="1"/><counter type="METHOD" missed="0" covered="1"/></method><counter type="INSTRUCTION" missed="27" covered="65"/><counter type="LINE" missed="4" covered="21"/><counter type="COMPLEXITY" missed="4" covered="14"/><counter type="METHOD" missed="4" covered="14"/><counter type="CLASS" missed="0" covered="1"/></class><class name="com/mcp/v2/client/types/MCPTypes$TransportConfig" sourcefilename="MCPTypes.java"><method name="&lt;init&gt;" desc="()V" line="291"><counter type="INSTRUCTION" missed="12" covered="0"/><counter type="LINE" missed="4" covered="0"/><counter type="COMPLEXITY" missed="1" covered="0"/><counter type="METHOD" missed="1" covered="0"/></method><method name="&lt;init&gt;" desc="(Ljava/lang/String;Ljava/lang/String;)V" line="291"><counter type="INSTRUCTION" missed="0" covered="18"/><counter type="LINE" missed="0" covered="7"/><counter type="COMPLEXITY" missed="0" covered="1"/><counter type="METHOD" missed="0" covered="1"/></method><method name="getType" desc="()Ljava/lang/String;" line="304"><counter type="INSTRUCTION" missed="0" covered="3"/><counter type="LINE" missed="0" covered="1"/><counter type="COMPLEXITY" missed="0" covered="1"/><counter type="METHOD" missed="0" covered="1"/></method><method name="setType" desc="(Ljava/lang/String;)V" line="305"><counter type="INSTRUCTION" missed="4" covered="0"/><counter type="LINE" missed="1" covered="0"/><counter type="COMPLEXITY" missed="1" covered="0"/><counter type="METHOD" missed="1" covered="0"/></method><method name="getEndpoint" desc="()Ljava/lang/String;" line="307"><counter type="INSTRUCTION" missed="0" covered="3"/><counter type="LINE" missed="0" covered="1"/><counter type="COMPLEXITY" missed="0" covered="1"/><counter type="METHOD" missed="0" covered="1"/></method><method name="setEndpoint" desc="(Ljava/lang/String;)V" line="308"><counter type="INSTRUCTION" missed="4" covered="0"/><counter type="LINE" missed="1" covered="0"/><counter type="COMPLEXITY" missed="1" covered="0"/><counter type="METHOD" missed="1" covered="0"/></method><method name="getOptions" desc="()Ljava/util/Map;" line="310"><counter type="INSTRUCTION" missed="3" covered="0"/><counter type="LINE" missed="1" covered="0"/><counter type="COMPLEXITY" missed="1" covered="0"/><counter type="METHOD" missed="1" covered="0"/></method><method name="setOptions" desc="(Ljava/util/Map;)V" line="311"><counter type="INSTRUCTION" missed="4" covered="0"/><counter type="LINE" missed="1" covered="0"/><counter type="COMPLEXITY" missed="1" covered="0"/><counter type="METHOD" missed="1" covered="0"/></method><method name="getTimeout" desc="()I" line="313"><counter type="INSTRUCTION" missed="0" covered="3"/><counter type="LINE" missed="0" covered="1"/><counter type="COMPLEXITY" missed="0" covered="1"/><counter type="METHOD" missed="0" covered="1"/></method><method name="setTimeout" desc="(I)V" line="314"><counter type="INSTRUCTION" missed="0" covered="4"/><counter type="LINE" missed="0" covered="1"/><counter type="COMPLEXITY" missed="0" covered="1"/><counter type="METHOD" missed="0" covered="1"/></method><method name="getRetryAttempts" desc="()I" line="316"><counter type="INSTRUCTION" missed="0" covered="3"/><counter type="LINE" missed="0" covered="1"/><counter type="COMPLEXITY" missed="0" covered="1"/><counter type="METHOD" missed="0" covered="1"/></method><method name="setRetryAttempts" desc="(I)V" line="317"><counter type="INSTRUCTION" missed="0" covered="4"/><counter type="LINE" missed="0" covered="1"/><counter type="COMPLEXITY" missed="0" covered="1"/><counter type="METHOD" missed="0" covered="1"/></method><method name="isEnableMetrics" desc="()Z" line="319"><counter type="INSTRUCTION" missed="0" covered="3"/><counter type="LINE" missed="0" covered="1"/><counter type="COMPLEXITY" missed="0" covered="1"/><counter type="METHOD" missed="0" covered="1"/></method><method name="setEnableMetrics" desc="(Z)V" line="320"><counter type="INSTRUCTION" missed="0" covered="4"/><counter type="LINE" missed="0" covered="1"/><counter type="COMPLEXITY" missed="0" covered="1"/><counter type="METHOD" missed="0" covered="1"/></method><counter type="INSTRUCTION" missed="27" covered="45"/><counter type="LINE" missed="5" covered="15"/><counter type="COMPLEXITY" missed="5" covered="9"/><counter type="METHOD" missed="5" covered="9"/><counter type="CLASS" missed="0" covered="1"/></class><sourcefile name="MCPTypes.java"><line nr="14" mi="3" ci="0" mb="0" cb="0"/><line nr="34" mi="0" ci="3" mb="0" cb="0"/><line nr="43" mi="0" ci="3" mb="0" cb="0"/><line nr="56" mi="0" ci="2" mb="0" cb="0"/><line nr="57" mi="0" ci="3" mb="0" cb="0"/><line nr="58" mi="0" ci="1" mb="0" cb="0"/><line nr="61" mi="0" ci="2" mb="0" cb="0"/><line nr="62" mi="0" ci="3" mb="0" cb="0"/><line nr="63" mi="0" ci="3" mb="0" cb="0"/><line nr="64" mi="0" ci="3" mb="0" cb="0"/><line nr="65" mi="0" ci="1" mb="0" cb="0"/><line nr="68" mi="0" ci="3" mb="0" cb="0"/><line nr="69" mi="4" ci="0" mb="0" cb="0"/><line nr="71" mi="0" ci="3" mb="0" cb="0"/><line nr="72" mi="4" ci="0" mb="0" cb="0"/><line nr="74" mi="0" ci="3" mb="0" cb="0"/><line nr="75" mi="4" ci="0" mb="0" cb="0"/><line nr="77" mi="0" ci="3" mb="0" cb="0"/><line nr="78" mi="4" ci="0" mb="0" cb="0"/><line nr="80" mi="0" ci="3" mb="0" cb="0"/><line nr="81" mi="4" ci="0" mb="0" cb="0"/><line nr="83" mi="0" ci="3" mb="0" cb="0"/><line nr="84" mi="4" ci="0" mb="0" cb="0"/><line nr="86" mi="3" ci="0" mb="0" cb="0"/><line nr="87" mi="4" ci="0" mb="0" cb="0"/><line nr="89" mi="3" ci="0" mb="0" cb="0"/><line nr="90" mi="4" ci="0" mb="0" cb="0"/><line nr="101" mi="0" ci="3" mb="0" cb="0"/><line nr="110" mi="0" ci="3" mb="0" cb="0"/><line nr="123" mi="0" ci="2" mb="0" cb="0"/><line nr="124" mi="0" ci="3" mb="0" cb="0"/><line nr="125" mi="0" ci="1" mb="0" cb="0"/><line nr="128" mi="0" ci="2" mb="0" cb="0"/><line nr="129" mi="0" ci="3" mb="0" cb="0"/><line nr="130" mi="0" ci="3" mb="0" cb="0"/><line nr="131" mi="0" ci="1" mb="0" cb="0"/><line nr="134" mi="0" ci="2" mb="0" cb="0"/><line nr="135" mi="0" ci="3" mb="0" cb="0"/><line nr="136" mi="0" ci="3" mb="0" cb="0"/><line nr="137" mi="0" ci="1" mb="0" cb="0"/><line nr="140" mi="0" ci="3" mb="0" cb="0"/><line nr="141" mi="4" ci="0" mb="0" cb="0"/><line nr="143" mi="0" ci="3" mb="0" cb="0"/><line nr="144" mi="4" ci="0" mb="0" cb="0"/><line nr="146" mi="0" ci="3" mb="0" cb="0"/><line nr="147" mi="4" ci="0" mb="0" cb="0"/><line nr="149" mi="0" ci="3" mb="0" cb="0"/><line nr="150" mi="4" ci="0" mb="0" cb="0"/><line nr="152" mi="0" ci="3" mb="0" cb="0"/><line nr="153" mi="4" ci="0" mb="0" cb="0"/><line nr="155" mi="0" ci="3" mb="0" cb="0"/><line nr="156" mi="4" ci="0" mb="0" cb="0"/><line nr="158" mi="3" ci="0" mb="0" cb="0"/><line nr="159" mi="4" ci="0" mb="0" cb="0"/><line nr="161" mi="3" ci="0" mb="0" cb="0"/><line nr="162" mi="4" ci="0" mb="0" cb="0"/><line nr="164" mi="0" ci="7" mb="0" cb="2"/><line nr="188" mi="0" ci="2" mb="0" cb="0"/><line nr="189" mi="0" ci="3" mb="0" cb="0"/><line nr="190" mi="0" ci="1" mb="0" cb="0"/><line nr="193" mi="0" ci="2" mb="0" cb="0"/><line nr="194" mi="0" ci="3" mb="0" cb="0"/><line nr="195" mi="0" ci="3" mb="0" cb="0"/><line nr="196" mi="0" ci="1" mb="0" cb="0"/><line nr="199" mi="0" ci="4" mb="0" cb="0"/><line nr="200" mi="0" ci="3" mb="0" cb="0"/><line nr="201" mi="0" ci="1" mb="0" cb="0"/><line nr="204" mi="0" ci="3" mb="0" cb="0"/><line nr="205" mi="4" ci="0" mb="0" cb="0"/><line nr="207" mi="0" ci="3" mb="0" cb="0"/><line nr="208" mi="4" ci="0" mb="0" cb="0"/><line nr="210" mi="3" ci="0" mb="0" cb="0"/><line nr="211" mi="4" ci="0" mb="0" cb="0"/><line nr="213" mi="0" ci="3" mb="0" cb="0"/><line nr="214" mi="4" ci="0" mb="0" cb="0"/><line nr="216" mi="3" ci="0" mb="0" cb="0"/><line nr="217" mi="4" ci="0" mb="0" cb="0"/><line nr="250" mi="3" ci="0" mb="0" cb="0"/><line nr="252" mi="0" ci="2" mb="0" cb="0"/><line nr="253" mi="0" ci="3" mb="0" cb="0"/><line nr="254" mi="0" ci="3" mb="0" cb="0"/><line nr="255" mi="0" ci="3" mb="0" cb="0"/><line nr="256" mi="0" ci="1" mb="0" cb="0"/><line nr="259" mi="0" ci="3" mb="0" cb="0"/><line nr="260" mi="4" ci="0" mb="0" cb="0"/><line nr="262" mi="0" ci="3" mb="0" cb="0"/><line nr="263" mi="4" ci="0" mb="0" cb="0"/><line nr="265" mi="0" ci="3" mb="0" cb="0"/><line nr="266" mi="4" ci="0" mb="0" cb="0"/><line nr="268" mi="0" ci="3" mb="0" cb="0"/><line nr="269" mi="4" ci="0" mb="0" cb="0"/><line nr="271" mi="0" ci="3" mb="0" cb="0"/><line nr="272" mi="4" ci="0" mb="0" cb="0"/><line nr="274" mi="0" ci="3" mb="0" cb="0"/><line nr="275" mi="0" ci="4" mb="0" cb="0"/><line nr="277" mi="0" ci="3" mb="0" cb="0"/><line nr="278" mi="0" ci="4" mb="0" cb="0"/><line nr="280" mi="0" ci="3" mb="0" cb="0"/><line nr="281" mi="4" ci="0" mb="0" cb="0"/><line nr="291" mi="3" ci="3" mb="0" cb="0"/><line nr="292" mi="3" ci="3" mb="0" cb="0"/><line nr="293" mi="3" ci="3" mb="0" cb="0"/><line nr="296" mi="3" ci="0" mb="0" cb="0"/><line nr="298" mi="0" ci="2" mb="0" cb="0"/><line nr="299" mi="0" ci="3" mb="0" cb="0"/><line nr="300" mi="0" ci="3" mb="0" cb="0"/><line nr="301" mi="0" ci="1" mb="0" cb="0"/><line nr="304" mi="0" ci="3" mb="0" cb="0"/><line nr="305" mi="4" ci="0" mb="0" cb="0"/><line nr="307" mi="0" ci="3" mb="0" cb="0"/><line nr="308" mi="4" ci="0" mb="0" cb="0"/><line nr="310" mi="3" ci="0" mb="0" cb="0"/><line nr="311" mi="4" ci="0" mb="0" cb="0"/><line nr="313" mi="0" ci="3" mb="0" cb="0"/><line nr="314" mi="0" ci="4" mb="0" cb="0"/><line nr="316" mi="0" ci="3" mb="0" cb="0"/><line nr="317" mi="0" ci="4" mb="0" cb="0"/><line nr="319" mi="0" ci="3" mb="0" cb="0"/><line nr="320" mi="0" ci="4" mb="0" cb="0"/><line nr="328" mi="3" ci="3" mb="0" cb="0"/><line nr="331" mi="3" ci="3" mb="0" cb="0"/><line nr="332" mi="3" ci="3" mb="0" cb="0"/><line nr="333" mi="3" ci="3" mb="0" cb="0"/><line nr="337" mi="3" ci="0" mb="0" cb="0"/><line nr="339" mi="0" ci="2" mb="0" cb="0"/><line nr="340" mi="0" ci="3" mb="0" cb="0"/><line nr="341" mi="0" ci="3" mb="0" cb="0"/><line nr="342" mi="0" ci="1" mb="0" cb="0"/><line nr="345" mi="0" ci="3" mb="0" cb="0"/><line nr="346" mi="4" ci="0" mb="0" cb="0"/><line nr="348" mi="0" ci="3" mb="0" cb="0"/><line nr="349" mi="4" ci="0" mb="0" cb="0"/><line nr="351" mi="0" ci="3" mb="0" cb="0"/><line nr="352" mi="4" ci="0" mb="0" cb="0"/><line nr="354" mi="0" ci="3" mb="0" cb="0"/><line nr="355" mi="0" ci="4" mb="0" cb="0"/><line nr="357" mi="0" ci="3" mb="0" cb="0"/><line nr="358" mi="0" ci="4" mb="0" cb="0"/><line nr="360" mi="0" ci="3" mb="0" cb="0"/><line nr="361" mi="0" ci="4" mb="0" cb="0"/><line nr="363" mi="0" ci="3" mb="0" cb="0"/><line nr="364" mi="0" ci="4" mb="0" cb="0"/><line nr="366" mi="0" ci="3" mb="0" cb="0"/><line nr="367" mi="0" ci="4" mb="0" cb="0"/><line nr="373" mi="0" ci="3" mb="0" cb="0"/><line nr="374" mi="0" ci="7" mb="0" cb="0"/><line nr="375" mi="0" ci="7" mb="0" cb="0"/><line nr="376" mi="0" ci="7" mb="0" cb="0"/><line nr="377" mi="0" ci="7" mb="0" cb="0"/><line nr="378" mi="0" ci="7" mb="0" cb="0"/><line nr="379" mi="0" ci="7" mb="0" cb="0"/><line nr="380" mi="0" ci="7" mb="0" cb="0"/><line nr="381" mi="0" ci="7" mb="0" cb="0"/><line nr="385" mi="0" ci="4" mb="0" cb="0"/><line nr="386" mi="0" ci="3" mb="0" cb="0"/><line nr="387" mi="0" ci="1" mb="0" cb="0"/><line nr="390" mi="0" ci="3" mb="0" cb="0"/><line nr="395" mi="3" ci="0" mb="0" cb="0"/><line nr="423" mi="0" ci="2" mb="0" cb="0"/><line nr="424" mi="0" ci="3" mb="0" cb="0"/><line nr="425" mi="0" ci="1" mb="0" cb="0"/><line nr="428" mi="0" ci="2" mb="0" cb="0"/><line nr="429" mi="0" ci="3" mb="0" cb="0"/><line nr="430" mi="0" ci="3" mb="0" cb="0"/><line nr="431" mi="0" ci="1" mb="0" cb="0"/><line nr="434" mi="0" ci="3" mb="0" cb="0"/><line nr="435" mi="4" ci="0" mb="0" cb="0"/><line nr="437" mi="3" ci="0" mb="0" cb="0"/><line nr="438" mi="4" ci="0" mb="0" cb="0"/><line nr="440" mi="3" ci="0" mb="0" cb="0"/><line nr="441" mi="4" ci="0" mb="0" cb="0"/><line nr="443" mi="3" ci="0" mb="0" cb="0"/><line nr="444" mi="0" ci="4" mb="0" cb="0"/><line nr="446" mi="3" ci="0" mb="0" cb="0"/><line nr="447" mi="4" ci="0" mb="0" cb="0"/><line nr="449" mi="3" ci="0" mb="0" cb="0"/><line nr="450" mi="4" ci="0" mb="0" cb="0"/><line nr="456" mi="3" ci="0" mb="0" cb="0"/><counter type="INSTRUCTION" missed="227" covered="375"/><counter type="BRANCH" missed="0" covered="2"/><counter type="LINE" missed="56" covered="122"/><counter type="COMPLEXITY" missed="56" covered="66"/><counter type="METHOD" missed="56" covered="65"/><counter type="CLASS" missed="2" covered="8"/></sourcefile><counter type="INSTRUCTION" missed="227" covered="375"/><counter type="BRANCH" missed="0" covered="2"/><counter type="LINE" missed="56" covered="122"/><counter type="COMPLEXITY" missed="56" covered="66"/><counter type="METHOD" missed="56" covered="65"/><counter type="CLASS" missed="2" covered="8"/></package><package name="com/mcp/v2/client/transport/websocket"><class name="com/mcp/v2/client/transport/websocket/WebSocketTransport$WebSocketClientHandler" sourcefilename="WebSocketTransport.java"><method name="&lt;init&gt;" desc="(Lcom/mcp/v2/client/transport/websocket/WebSocketTransport;Lio/netty/handler/codec/http/websocketx/WebSocketClientHandshaker;Ljava/util/concurrent/CompletableFuture;)V" line="207"><counter type="INSTRUCTION" missed="12" covered="0"/><counter type="LINE" missed="4" covered="0"/><counter type="COMPLEXITY" missed="1" covered="0"/><counter type="METHOD" missed="1" covered="0"/></method><method name="channelActive" desc="(Lio/netty/channel/ChannelHandlerContext;)V" line="214"><counter type="INSTRUCTION" missed="11" covered="0"/><counter type="LINE" missed="3" covered="0"/><counter type="COMPLEXITY" missed="1" covered="0"/><counter type="METHOD" missed="1" covered="0"/></method><method name="channelInactive" desc="(Lio/netty/channel/ChannelHandlerContext;)V" line="220"><counter type="INSTRUCTION" missed="16" covered="0"/><counter type="BRANCH" missed="2" covered="0"/><counter type="LINE" missed="5" covered="0"/><counter type="COMPLEXITY" missed="2" covered="0"/><counter type="METHOD" missed="1" covered="0"/></method><method name="channelRead0" desc="(Lio/netty/channel/ChannelHandlerContext;Ljava/lang/Object;)V" line="229"><counter type="INSTRUCTION" missed="80" covered="0"/><counter type="BRANCH" missed="12" covered="0"/><counter type="LINE" missed="24" covered="0"/><counter type="COMPLEXITY" missed="7" covered="0"/><counter type="METHOD" missed="1" covered="0"/></method><method name="exceptionCaught" desc="(Lio/netty/channel/ChannelHandlerContext;Ljava/lang/Throwable;)V" line="264"><counter type="INSTRUCTION" missed="26" covered="0"/><counter type="BRANCH" missed="4" covered="0"/><counter type="LINE" missed="7" covered="0"/><counter type="COMPLEXITY" missed="3" covered="0"/><counter type="METHOD" missed="1" covered="0"/></method><method name="handleTextMessage" desc="(Ljava/lang/String;)V" line="276"><counter type="INSTRUCTION" missed="34" covered="0"/><counter type="BRANCH" missed="4" covered="0"/><counter type="LINE" missed="9" covered="0"/><counter type="COMPLEXITY" missed="3" covered="0"/><counter type="METHOD" missed="1" covered="0"/></method><counter type="INSTRUCTION" missed="179" covered="0"/><counter type="BRANCH" missed="22" covered="0"/><counter type="LINE" missed="52" covered="0"/><counter type="COMPLEXITY" missed="17" covered="0"/><counter type="METHOD" missed="6" covered="0"/><counter type="CLASS" missed="1" covered="0"/></class><class name="com/mcp/v2/client/transport/websocket/WebSocketTransport" sourcefilename="WebSocketTransport.java"><method name="&lt;init&gt;" desc="(Lcom/mcp/v2/client/types/MCPTypes$TransportConfig;)V" line="44"><counter type="INSTRUCTION" missed="9" covered="29"/><counter type="LINE" missed="2" covered="8"/><counter type="COMPLEXITY" missed="0" covered="1"/><counter type="METHOD" missed="0" covered="1"/></method><method name="connect" desc="()Ljava/util/concurrent/CompletableFuture;" line="60"><counter type="INSTRUCTION" missed="90" covered="0"/><counter type="BRANCH" missed="6" covered="0"/><counter type="LINE" missed="18" covered="0"/><counter type="COMPLEXITY" missed="4" covered="0"/><counter type="METHOD" missed="1" covered="0"/></method><method name="disconnect" desc="()Ljava/util/concurrent/CompletableFuture;" line="111"><counter type="INSTRUCTION" missed="32" covered="0"/><counter type="BRANCH" missed="4" covered="0"/><counter type="LINE" missed="6" covered="0"/><counter type="COMPLEXITY" missed="3" covered="0"/><counter type="METHOD" missed="1" covered="0"/></method><method name="isConnected" desc="()Z" line="131"><counter type="INSTRUCTION" missed="14" covered="0"/><counter type="BRANCH" missed="6" covered="0"/><counter type="LINE" missed="1" covered="0"/><counter type="COMPLEXITY" missed="4" covered="0"/><counter type="METHOD" missed="1" covered="0"/></method><method name="send" desc="(Lcom/mcp/v2/client/types/MCPTypes$MCPRequest;)Ljava/util/concurrent/CompletableFuture;" line="136"><counter type="INSTRUCTION" missed="43" covered="0"/><counter type="BRANCH" missed="2" covered="0"/><counter type="LINE" missed="10" covered="0"/><counter type="COMPLEXITY" missed="2" covered="0"/><counter type="METHOD" missed="1" covered="0"/></method><method name="onMessage" desc="(Ljava/util/function/Consumer;)V" line="162"><counter type="INSTRUCTION" missed="0" covered="4"/><counter type="LINE" missed="0" covered="2"/><counter type="COMPLEXITY" missed="0" covered="1"/><counter type="METHOD" missed="0" covered="1"/></method><method name="onConnect" desc="(Ljava/lang/Runnable;)V" line="167"><counter type="INSTRUCTION" missed="0" covered="4"/><counter type="LINE" missed="0" covered="2"/><counter type="COMPLEXITY" missed="0" covered="1"/><counter type="METHOD" missed="0" covered="1"/></method><method name="onDisconnect" desc="(Ljava/lang/Runnable;)V" line="172"><counter type="INSTRUCTION" missed="0" covered="4"/><counter type="LINE" missed="0" covered="2"/><counter type="COMPLEXITY" missed="0" covered="1"/><counter type="METHOD" missed="0" covered="1"/></method><method name="onError" desc="(Ljava/util/function/Consumer;)V" line="177"><counter type="INSTRUCTION" missed="0" covered="4"/><counter type="LINE" missed="0" covered="2"/><counter type="COMPLEXITY" missed="0" covered="1"/><counter type="METHOD" missed="0" covered="1"/></method><method name="getConfig" desc="()Lcom/mcp/v2/client/types/MCPTypes$TransportConfig;" line="182"><counter type="INSTRUCTION" missed="3" covered="0"/><counter type="LINE" missed="1" covered="0"/><counter type="COMPLEXITY" missed="1" covered="0"/><counter type="METHOD" missed="1" covered="0"/></method><method name="close" desc="()V" line="188"><counter type="INSTRUCTION" missed="20" covered="0"/><counter type="BRANCH" missed="2" covered="0"/><counter type="LINE" missed="7" covered="0"/><counter type="COMPLEXITY" missed="2" covered="0"/><counter type="METHOD" missed="1" covered="0"/></method><method name="lambda$send$2" desc="(Ljava/util/concurrent/CompletableFuture;Lio/netty/channel/ChannelFuture;)V" line="147"><counter type="INSTRUCTION" missed="18" covered="0"/><counter type="BRANCH" missed="2" covered="0"/><counter type="LINE" missed="4" covered="0"/><counter type="COMPLEXITY" missed="2" covered="0"/><counter type="METHOD" missed="1" covered="0"/></method><method name="lambda$disconnect$1" desc="(Ljava/util/concurrent/CompletableFuture;Lio/netty/channel/ChannelFuture;)V" line="115"><counter type="INSTRUCTION" missed="14" covered="0"/><counter type="BRANCH" missed="2" covered="0"/><counter type="LINE" missed="5" covered="0"/><counter type="COMPLEXITY" missed="2" covered="0"/><counter type="METHOD" missed="1" covered="0"/></method><method name="lambda$connect$0" desc="(Ljava/util/concurrent/CompletableFuture;Lio/netty/channel/ChannelFuture;)V" line="95"><counter type="INSTRUCTION" missed="18" covered="0"/><counter type="BRANCH" missed="2" covered="0"/><counter type="LINE" missed="4" covered="0"/><counter type="COMPLEXITY" missed="2" covered="0"/><counter type="METHOD" missed="1" covered="0"/></method><method name="&lt;clinit&gt;" desc="()V" line="31"><counter type="INSTRUCTION" missed="0" covered="4"/><counter type="LINE" missed="0" covered="1"/><counter type="COMPLEXITY" missed="0" covered="1"/><counter type="METHOD" missed="0" covered="1"/></method><counter type="INSTRUCTION" missed="261" covered="49"/><counter type="BRANCH" missed="26" covered="0"/><counter type="LINE" missed="58" covered="17"/><counter type="COMPLEXITY" missed="22" covered="6"/><counter type="METHOD" missed="9" covered="6"/><counter type="CLASS" missed="0" covered="1"/></class><class name="com/mcp/v2/client/transport/websocket/WebSocketTransport$1" sourcefilename="WebSocketTransport.java"><method name="&lt;init&gt;" desc="(Lcom/mcp/v2/client/transport/websocket/WebSocketTransport;Lio/netty/handler/ssl/SslContext;ILio/netty/handler/codec/http/websocketx/WebSocketClientHandshaker;Ljava/util/concurrent/CompletableFuture;)V" line="81"><counter type="INSTRUCTION" missed="18" covered="0"/><counter type="LINE" missed="1" covered="0"/><counter type="COMPLEXITY" missed="1" covered="0"/><counter type="METHOD" missed="1" covered="0"/></method><method name="initChannel" desc="(Lio/netty/channel/socket/SocketChannel;)V" line="84"><counter type="INSTRUCTION" missed="66" covered="0"/><counter type="BRANCH" missed="2" covered="0"/><counter type="LINE" missed="7" covered="0"/><counter type="COMPLEXITY" missed="2" covered="0"/><counter type="METHOD" missed="1" covered="0"/></method><counter type="INSTRUCTION" missed="84" covered="0"/><counter type="BRANCH" missed="2" covered="0"/><counter type="LINE" missed="8" covered="0"/><counter type="COMPLEXITY" missed="3" covered="0"/><counter type="METHOD" missed="2" covered="0"/><counter type="CLASS" missed="1" covered="0"/></class><sourcefile name="WebSocketTransport.java"><line nr="31" mi="0" ci="4" mb="0" cb="0"/><line nr="44" mi="0" ci="3" mb="0" cb="0"/><line nr="46" mi="0" ci="2" mb="0" cb="0"/><line nr="47" mi="0" ci="3" mb="0" cb="0"/><line nr="48" mi="0" ci="9" mb="0" cb="0"/><line nr="49" mi="0" ci="5" mb="0" cb="0"/><line nr="52" mi="0" ci="5" mb="0" cb="0"/><line nr="53" mi="1" ci="0" mb="0" cb="0"/><line nr="54" mi="8" ci="0" mb="0" cb="0"/><line nr="55" mi="0" ci="1" mb="0" cb="0"/><line nr="56" mi="0" ci="1" mb="0" cb="0"/><line nr="60" mi="4" ci="0" mb="0" cb="0"/><line nr="63" mi="6" ci="0" mb="0" cb="0"/><line nr="65" mi="2" ci="0" mb="2" cb="0"/><line nr="66" mi="2" ci="0" mb="0" cb="0"/><line nr="67" mi="1" ci="0" mb="0" cb="0"/><line nr="68" mi="3" ci="0" mb="0" cb="0"/><line nr="70" mi="2" ci="0" mb="0" cb="0"/><line nr="73" mi="15" ci="0" mb="4" cb="0"/><line nr="75" mi="10" ci="0" mb="0" cb="0"/><line nr="78" mi="4" ci="0" mb="0" cb="0"/><line nr="79" mi="6" ci="0" mb="0" cb="0"/><line nr="80" mi="10" ci="0" mb="0" cb="0"/><line nr="81" mi="20" ci="0" mb="0" cb="0"/><line nr="84" mi="3" ci="0" mb="0" cb="0"/><line nr="85" mi="3" ci="0" mb="2" cb="0"/><line nr="86" mi="19" ci="0" mb="0" cb="0"/><line nr="88" mi="11" ci="0" mb="0" cb="0"/><line nr="89" mi="12" ci="0" mb="0" cb="0"/><line nr="90" mi="17" ci="0" mb="0" cb="0"/><line nr="91" mi="1" ci="0" mb="0" cb="0"/><line nr="94" mi="11" ci="0" mb="0" cb="0"/><line nr="95" mi="3" ci="0" mb="2" cb="0"/><line nr="96" mi="5" ci="0" mb="0" cb="0"/><line nr="98" mi="9" ci="0" mb="0" cb="0"/><line nr="100" mi="1" ci="0" mb="0" cb="0"/><line nr="102" mi="1" ci="0" mb="0" cb="0"/><line nr="103" mi="8" ci="0" mb="0" cb="0"/><line nr="104" mi="1" ci="0" mb="0" cb="0"/><line nr="106" mi="2" ci="0" mb="0" cb="0"/><line nr="111" mi="4" ci="0" mb="0" cb="0"/><line nr="113" mi="7" ci="0" mb="4" cb="0"/><line nr="114" mi="12" ci="0" mb="0" cb="0"/><line nr="115" mi="3" ci="0" mb="0" cb="0"/><line nr="116" mi="3" ci="0" mb="2" cb="0"/><line nr="117" mi="3" ci="0" mb="0" cb="0"/><line nr="119" mi="4" ci="0" mb="0" cb="0"/><line nr="120" mi="1" ci="0" mb="0" cb="0"/><line nr="122" mi="3" ci="0" mb="0" cb="0"/><line nr="123" mi="4" ci="0" mb="0" cb="0"/><line nr="126" mi="2" ci="0" mb="0" cb="0"/><line nr="131" mi="14" ci="0" mb="6" cb="0"/><line nr="136" mi="3" ci="0" mb="2" cb="0"/><line nr="137" mi="6" ci="0" mb="0" cb="0"/><line nr="140" mi="4" ci="0" mb="0" cb="0"/><line nr="143" mi="5" ci="0" mb="0" cb="0"/><line nr="144" mi="5" ci="0" mb="0" cb="0"/><line nr="146" mi="8" ci="0" mb="0" cb="0"/><line nr="147" mi="3" ci="0" mb="2" cb="0"/><line nr="148" mi="5" ci="0" mb="0" cb="0"/><line nr="150" mi="9" ci="0" mb="0" cb="0"/><line nr="152" mi="1" ci="0" mb="0" cb="0"/><line nr="153" mi="1" ci="0" mb="0" cb="0"/><line nr="154" mi="8" ci="0" mb="0" cb="0"/><line nr="155" mi="1" ci="0" mb="0" cb="0"/><line nr="157" mi="2" ci="0" mb="0" cb="0"/><line nr="162" mi="0" ci="3" mb="0" cb="0"/><line nr="163" mi="0" ci="1" mb="0" cb="0"/><line nr="167" mi="0" ci="3" mb="0" cb="0"/><line nr="168" mi="0" ci="1" mb="0" cb="0"/><line nr="172" mi="0" ci="3" mb="0" cb="0"/><line nr="173" mi="0" ci="1" mb="0" cb="0"/><line nr="177" mi="0" ci="3" mb="0" cb="0"/><line nr="178" mi="0" ci="1" mb="0" cb="0"/><line nr="182" mi="3" ci="0" mb="0" cb="0"/><line nr="188" mi="6" ci="0" mb="0" cb="0"/><line nr="189" mi="1" ci="0" mb="0" cb="0"/><line nr="190" mi="4" ci="0" mb="0" cb="0"/><line nr="191" mi="1" ci="0" mb="0" cb="0"/><line nr="193" mi="3" ci="0" mb="2" cb="0"/><line nr="194" mi="4" ci="0" mb="0" cb="0"/><line nr="196" mi="1" ci="0" mb="0" cb="0"/><line nr="207" mi="5" ci="0" mb="0" cb="0"/><line nr="208" mi="3" ci="0" mb="0" cb="0"/><line nr="209" mi="3" ci="0" mb="0" cb="0"/><line nr="210" mi="1" ci="0" mb="0" cb="0"/><line nr="214" mi="4" ci="0" mb="0" cb="0"/><line nr="215" mi="6" ci="0" mb="0" cb="0"/><line nr="216" mi="1" ci="0" mb="0" cb="0"/><line nr="220" mi="4" ci="0" mb="0" cb="0"/><line nr="221" mi="4" ci="0" mb="2" cb="0"/><line nr="222" mi="4" ci="0" mb="0" cb="0"/><line nr="224" mi="3" ci="0" mb="0" cb="0"/><line nr="225" mi="1" ci="0" mb="0" cb="0"/><line nr="229" mi="3" ci="0" mb="0" cb="0"/><line nr="231" mi="4" ci="0" mb="2" cb="0"/><line nr="233" mi="6" ci="0" mb="0" cb="0"/><line nr="234" mi="4" ci="0" mb="0" cb="0"/><line nr="235" mi="4" ci="0" mb="2" cb="0"/><line nr="236" mi="4" ci="0" mb="0" cb="0"/><line nr="238" mi="5" ci="0" mb="0" cb="0"/><line nr="239" mi="3" ci="0" mb="0" cb="0"/><line nr="240" mi="1" ci="0" mb="0" cb="0"/><line nr="241" mi="4" ci="0" mb="0" cb="0"/><line nr="242" mi="5" ci="0" mb="0" cb="0"/><line nr="243" mi="4" ci="0" mb="0" cb="0"/><line nr="244" mi="1" ci="0" mb="0" cb="0"/><line nr="245" mi="1" ci="0" mb="0" cb="0"/><line nr="248" mi="3" ci="0" mb="2" cb="0"/><line nr="249" mi="3" ci="0" mb="0" cb="0"/><line nr="251" mi="3" ci="0" mb="2" cb="0"/><line nr="252" mi="3" ci="0" mb="0" cb="0"/><line nr="253" mi="4" ci="0" mb="0" cb="0"/><line nr="254" mi="4" ci="0" mb="2" cb="0"/><line nr="255" mi="4" ci="0" mb="0" cb="0"/><line nr="256" mi="3" ci="0" mb="2" cb="0"/><line nr="257" mi="3" ci="0" mb="0" cb="0"/><line nr="260" mi="1" ci="0" mb="0" cb="0"/><line nr="264" mi="4" ci="0" mb="0" cb="0"/><line nr="265" mi="4" ci="0" mb="2" cb="0"/><line nr="266" mi="5" ci="0" mb="0" cb="0"/><line nr="268" mi="4" ci="0" mb="2" cb="0"/><line nr="269" mi="5" ci="0" mb="0" cb="0"/><line nr="271" mi="3" ci="0" mb="0" cb="0"/><line nr="272" mi="1" ci="0" mb="0" cb="0"/><line nr="276" mi="8" ci="0" mb="0" cb="0"/><line nr="277" mi="4" ci="0" mb="2" cb="0"/><line nr="278" mi="5" ci="0" mb="0" cb="0"/><line nr="280" mi="1" ci="0" mb="0" cb="0"/><line nr="281" mi="5" ci="0" mb="0" cb="0"/><line nr="282" mi="4" ci="0" mb="2" cb="0"/><line nr="283" mi="5" ci="0" mb="0" cb="0"/><line nr="285" mi="1" ci="0" mb="0" cb="0"/><line nr="286" mi="1" ci="0" mb="0" cb="0"/><counter type="INSTRUCTION" missed="524" covered="49"/><counter type="BRANCH" missed="50" covered="0"/><counter type="LINE" missed="117" covered="17"/><counter type="COMPLEXITY" missed="42" covered="6"/><counter type="METHOD" missed="17" covered="6"/><counter type="CLASS" missed="2" covered="1"/></sourcefile><counter type="INSTRUCTION" missed="524" covered="49"/><counter type="BRANCH" missed="50" covered="0"/><counter type="LINE" missed="117" covered="17"/><counter type="COMPLEXITY" missed="42" covered="6"/><counter type="METHOD" missed="17" covered="6"/><counter type="CLASS" missed="2" covered="1"/></package><package name="com/mcp/v2/client/impl"><class name="com/mcp/v2/client/impl/BaseMCPClient" sourcefilename="BaseMCPClient.java"><method name="&lt;init&gt;" desc="(Lcom/mcp/v2/client/types/MCPTypes$ClientConfig;Lcom/mcp/v2/client/transport/MCPTransport;)V" line="44"><counter type="INSTRUCTION" missed="0" covered="66"/><counter type="BRANCH" missed="1" covered="1"/><counter type="LINE" missed="0" covered="17"/><counter type="COMPLEXITY" missed="1" covered="1"/><counter type="METHOD" missed="0" covered="1"/></method><method name="initializeMetrics" desc="()V" line="71"><counter type="INSTRUCTION" missed="0" covered="50"/><counter type="LINE" missed="0" covered="8"/><counter type="COMPLEXITY" missed="0" covered="1"/><counter type="METHOD" missed="0" covered="1"/></method><method name="setupTransportEventHandling" desc="()V" line="81"><counter type="INSTRUCTION" missed="0" covered="21"/><counter type="LINE" missed="0" covered="5"/><counter type="COMPLEXITY" missed="0" covered="1"/><counter type="METHOD" missed="0" covered="1"/></method><method name="sendRequest" desc="(Lcom/mcp/v2/client/types/MCPTypes$MCPRequest;)Ljava/util/concurrent/CompletableFuture;" line="97"><counter type="INSTRUCTION" missed="5" covered="0"/><counter type="LINE" m
[...]
ered="1"/></method><counter type="INSTRUCTION" missed="333" covered="321"/><counter type="BRANCH" missed="37" covered="9"/><counter type="LINE" missed="82" covered="76"/><counter type="COMPLEXITY" missed="36" covered="20"/><counter type="METHOD" missed="15" covered="18"/><counter type="CLASS" missed="0" covered="1"/></class><class name="com/mcp/v2/client/impl/HttpMCPClient" sourcefilename="HttpMCPClient.java"><method name="&lt;init&gt;" desc="(Lcom/mcp/v2/client/types/MCPTypes$ClientConfig;Lcom/mcp/v2/client/transport/MCPTransport;)V" line="12"><counter type="INSTRUCTION" missed="5" covered="11"/><counter type="BRANCH" missed="1" covered="1"/><counter type="LINE" missed="1" covered="3"/><counter type="COMPLEXITY" missed="1" covered="1"/><counter type="METHOD" missed="0" covered="1"/></method><counter type="INSTRUCTION" missed="5" covered="11"/><counter type="BRANCH" missed="1" covered="1"/><counter type="LINE" missed="1" covered="3"/><counter type="COMPLEXITY" missed="1" covered="1"/><counter type="METHOD" missed="0" covered="1"/><counter type="CLASS" missed="0" covered="1"/></class><class name="com/mcp/v2/client/impl/WebSocketMCPClient" sourcefilename="WebSocketMCPClient.java"><method name="&lt;init&gt;" desc="(Lcom/mcp/v2/client/types/MCPTypes$ClientConfig;Lcom/mcp/v2/client/transport/MCPTransport;)V" line="12"><counter type="INSTRUCTION" missed="5" covered="11"/><counter type="BRANCH" missed="1" covered="1"/><counter type="LINE" missed="1" covered="3"/><counter type="COMPLEXITY" missed="1" covered="1"/><counter type="METHOD" missed="0" covered="1"/></method><counter type="INSTRUCTION" missed="5" covered="11"/><counter type="BRANCH" missed="1" covered="1"/><counter type="LINE" missed="1" covered="3"/><counter type="COMPLEXITY" missed="1" covered="1"/><counter type="METHOD" missed="0" covered="1"/><counter type="CLASS" missed="0" covered="1"/></class><sourcefile name="WebSocketMCPClient.java"><line nr="12" mi="0" ci="4" mb="0" cb="0"/><line nr="14" mi="0" ci="6" mb="1" cb="1"/><line nr="15" mi="5" ci="0" mb="0" cb="0"/><line nr="17" mi="0" ci="1" mb="0" cb="0"/><counter type="INSTRUCTION" missed="5" covered="11"/><counter type="BRANCH" missed="1" covered="1"/><counter type="LINE" missed="1" covered="3"/><counter type="COMPLEXITY" missed="1" covered="1"/><counter type="METHOD" missed="0" covered="1"/><counter type="CLASS" missed="0" covered="1"/></sourcefile><sourcefile name="BaseMCPClient.java"><line nr="32" mi="0" ci="3" mb="0" cb="0"/><line nr="33" mi="0" ci="7" mb="0" cb="0"/><line nr="34" mi="0" ci="2" mb="0" cb="0"/><line nr="44" mi="0" ci="6" mb="0" cb="0"/><line nr="45" mi="0" ci="6" mb="0" cb="0"/><line nr="46" mi="0" ci="6" mb="0" cb="0"/><line nr="47" mi="0" ci="5" mb="0" cb="0"/><line nr="50" mi="0" ci="3" mb="0" cb="0"/><line nr="52" mi="0" ci="2" mb="0" cb="0"/><line nr="53" mi="0" ci="3" mb="0" cb="0"/><line nr="54" mi="0" ci="3" mb="0" cb="0"/><line nr="55" mi="0" ci="5" mb="0" cb="0"/><line nr="56" mi="0" ci="5" mb="0" cb="0"/><line nr="57" mi="0" ci="5" mb="0" cb="0"/><line nr="58" mi="0" ci="5" mb="0" cb="0"/><line nr="59" mi="0" ci="4" mb="0" cb="0"/><line nr="62" mi="0" ci="3" mb="1" cb="1"/><line nr="63" mi="0" ci="2" mb="0" cb="0"/><line nr="67" mi="0" ci="2" mb="0" cb="0"/><line nr="68" mi="0" ci="1" mb="0" cb="0"/><line nr="71" mi="0" ci="8" mb="0" cb="0"/><line nr="72" mi="0" ci="8" mb="0" cb="0"/><line nr="73" mi="0" ci="6" mb="0" cb="0"/><line nr="74" mi="0" ci="7" mb="0" cb="0"/><line nr="75" mi="0" ci="7" mb="0" cb="0"/><line nr="76" mi="0" ci="7" mb="0" cb="0"/><line nr="77" mi="0" ci="6" mb="0" cb="0"/><line nr="78" mi="0" ci="1" mb="0" cb="0"/><line nr="81" mi="0" ci="5" mb="0" cb="0"/><line nr="82" mi="0" ci="5" mb="0" cb="0"/><line nr="83" mi="3" ci="0" mb="0" cb="0"/><line nr="84" mi="4" ci="0" mb="0" cb="0"/><line nr="85" mi="6" ci="0" mb="0" cb="0"/><line nr="86" mi="1" ci="0" mb="0" cb="0"/><line nr="87" mi="0" ci="5" mb="0" cb="0"/><line nr="88" mi="0" ci="3" mb="0" cb="0"/><line nr="89" mi="0" ci="4" mb="0" cb="0"/><line nr="90" mi="0" ci="6" mb="0" cb="0"/><line nr="91" mi="0" ci="1" mb="0" cb="0"/><line nr="92" mi="0" ci="5" mb="0" cb="0"/><line nr="93" mi="0" ci="1" mb="0" cb="0"/><line nr="97" mi="5" ci="0" mb="0" cb="0"/><line nr="102" mi="6" ci="0" mb="0" cb="0"/><line nr="103" mi="3" ci="0" mb="0" cb="0"/><line nr="104" mi="3" ci="0" mb="0" cb="0"/><line nr="106" mi="4" ci="0" mb="0" cb="0"/><line nr="107" mi="7" ci="0" mb="0" cb="0"/><line nr="109" mi="4" ci="0" mb="2" cb="0"/><line nr="110" mi="4" ci="0" mb="0" cb="0"/><line nr="111" mi="7" ci="0" mb="0" cb="0"/><line nr="114" mi="6" ci="0" mb="0" cb="0"/><line nr="116" mi="5" ci="0" mb="0" cb="0"/><line nr="117" mi="2" ci="0" mb="0" cb="0"/><line nr="118" mi="1" ci="0" mb="0" cb="0"/><line nr="123" mi="2" ci="0" mb="0" cb="0"/><line nr="124" mi="6" ci="0" mb="0" cb="0"/><line nr="128" mi="4" ci="0" mb="0" cb="0"/><line nr="133" mi="2" ci="0" mb="0" cb="0"/><line nr="134" mi="6" ci="0" mb="0" cb="0"/><line nr="138" mi="4" ci="0" mb="0" cb="0"/><line nr="143" mi="7" ci="0" mb="0" cb="0"/><line nr="144" mi="7" ci="0" mb="0" cb="0"/><line nr="145" mi="1" ci="0" mb="0" cb="0"/><line nr="150" mi="0" ci="7" mb="0" cb="0"/><line nr="151" mi="0" ci="3" mb="0" cb="0"/><line nr="152" mi="0" ci="3" mb="0" cb="0"/><line nr="153" mi="0" ci="1" mb="0" cb="0"/><line nr="158" mi="6" ci="5" mb="3" cb="1"/><line nr="163" mi="0" ci="3" mb="0" cb="0"/><line nr="168" mi="0" ci="3" mb="0" cb="0"/><line nr="169" mi="0" ci="6" mb="0" cb="0"/><line nr="170" mi="0" ci="1" mb="0" cb="0"/><line nr="174" mi="3" ci="0" mb="0" cb="0"/><line nr="179" mi="0" ci="13" mb="0" cb="0"/><line nr="180" mi="0" ci="1" mb="0" cb="0"/><line nr="184" mi="6" ci="0" mb="0" cb="0"/><line nr="185" mi="2" ci="0" mb="2" cb="0"/><line nr="186" mi="4" ci="0" mb="0" cb="0"/><line nr="188" mi="1" ci="0" mb="0" cb="0"/><line nr="192" mi="0" ci="3" mb="0" cb="0"/><line nr="197" mi="0" ci="4" mb="1" cb="1"/><line nr="198" mi="3" ci="0" mb="0" cb="0"/><line nr="202" mi="0" ci="6" mb="0" cb="0"/><line nr="203" mi="0" ci="8" mb="0" cb="0"/><line nr="204" mi="0" ci="9" mb="0" cb="0"/><line nr="206" mi="0" ci="5" mb="0" cb="0"/><line nr="212" mi="0" ci="4" mb="0" cb="0"/><line nr="213" mi="1" ci="0" mb="0" cb="0"/><line nr="214" mi="4" ci="0" mb="0" cb="0"/><line nr="215" mi="0" ci="1" mb="0" cb="0"/><line nr="217" mi="0" ci="3" mb="0" cb="0"/><line nr="218" mi="0" ci="3" mb="0" cb="0"/><line nr="219" mi="0" ci="4" mb="0" cb="0"/><line nr="221" mi="0" ci="3" mb="1" cb="1"/><line nr="222" mi="0" ci="3" mb="0" cb="0"/><line nr="224" mi="0" ci="1" mb="0" cb="0"/><line nr="228" mi="4" ci="0" mb="2" cb="0"/><line nr="229" mi="4" ci="0" mb="0" cb="0"/><line nr="230" mi="7" ci="0" mb="0" cb="0"/><line nr="233" mi="6" ci="0" mb="0" cb="0"/><line nr="235" mi="7" ci="0" mb="0" cb="0"/><line nr="236" mi="2" ci="0" mb="2" cb="0"/><line nr="237" mi="3" ci="0" mb="2" cb="0"/><line nr="238" mi="5" ci="0" mb="0" cb="0"/><line nr="240" mi="7" ci="0" mb="0" cb="0"/><line nr="241" mi="3" ci="0" mb="0" cb="0"/><line nr="242" mi="3" ci="0" mb="0" cb="0"/><line nr="243" mi="3" ci="0" mb="0" cb="0"/><line nr="247" mi="5" ci="0" mb="0" cb="0"/><line nr="249" mi="1" ci="0" mb="0" cb="0"/><line nr="250" mi="4" ci="0" mb="0" cb="0"/><line nr="251" mi="3" ci="0" mb="0" cb="0"/><line nr="252" mi="1" ci="0" mb="0" cb="0"/><line nr="253" mi="1" ci="0" mb="0" cb="0"/><line nr="256" mi="4" ci="0" mb="0" cb="0"/><line nr="257" mi="3" ci="0" mb="0" cb="0"/><line nr="258" mi="1" ci="0" mb="0" cb="0"/><line nr="261" mi="4" ci="0" mb="2" cb="0"/><line nr="262" mi="4" ci="0" mb="0" cb="0"/><line nr="263" mi="7" ci="0" mb="0" cb="0"/><line nr="266" mi="6" ci="0" mb="0" cb="0"/><line nr="267" mi="1" ci="0" mb="0" cb="0"/><line nr="270" mi="8" ci="0" mb="4" cb="0"/><line nr="271" mi="5" ci="0" mb="0" cb="0"/><line nr="273" mi="8" ci="0" mb="4" cb="0"/><line nr="274" mi="5" ci="0" mb="0" cb="0"/><line nr="276" mi="3" ci="0" mb="2" cb="0"/><line nr="277" mi="5" ci="0" mb="0" cb="0"/><line nr="279" mi="1" ci="0" mb="0" cb="0"/><line nr="283" mi="6" ci="0" mb="4" cb="0"/><line nr="284" mi="4" ci="0" mb="0" cb="0"/><line nr="288" mi="3" ci="0" mb="2" cb="0"/><line nr="289" mi="3" ci="0" mb="0" cb="0"/><line nr="293" mi="3" ci="0" mb="2" cb="0"/><line nr="294" mi="5" ci="0" mb="0" cb="0"/><line nr="296" mi="8" ci="0" mb="0" cb="0"/><line nr="297" mi="8" ci="0" mb="0" cb="0"/><line nr="298" mi="1" ci="0" mb="0" cb="0"/><line nr="301" mi="0" ci="6" mb="0" cb="0"/><line nr="302" mi="0" ci="5" mb="0" cb="0"/><line nr="305" mi="0" ci="5" mb="0" cb="0"/><line nr="308" mi="0" ci="6" mb="0" cb="0"/><line nr="309" mi="0" ci="2" mb="0" cb="2"/><line nr="310" mi="0" ci="10" mb="0" cb="2"/><line nr="312" mi="0" ci="3" mb="0" cb="0"/><line nr="313" mi="1" ci="0" mb="0" cb="0"/><line nr="314" mi="4" ci="0" mb="0" cb="0"/><line nr="315" mi="0" ci="1" mb="0" cb="0"/><line nr="316" mi="0" ci="1" mb="0" cb="0"/><line nr="318" mi="0" ci="1" mb="0" cb="0"/><line nr="322" mi="0" ci="4" mb="0" cb="0"/><line nr="323" mi="1" ci="0" mb="0" cb="0"/><line nr="324" mi="3" ci="0" mb="0" cb="0"/><line nr="325" mi="7" ci="0" mb="0" cb="0"/><line nr="326" mi="2" ci="0" mb="0" cb="0"/><line nr="331" mi="0" ci="4" mb="1" cb="1"/><line nr="332" mi="0" ci="6" mb="0" cb="0"/><line nr="334" mi="0" ci="1" mb="0" cb="0"/><counter type="INSTRUCTION" missed="333" covered="321"/><counter type="BRANCH" missed="37" covered="9"/><counter type="LINE" missed="82" covered="76"/><counter type="COMPLEXITY" missed="36" covered="20"/><counter type="METHOD" missed="15" covered="18"/><counter type="CLASS" missed="0" covered="1"/></sourcefile><sourcefile name="HttpMCPClient.java"><line nr="12" mi="0" ci="4" mb="0" cb="0"/><line nr="14" mi="0" ci="6" mb="1" cb="1"/><line nr="15" mi="5" ci="0" mb="0" cb="0"/><line nr="17" mi="0" ci="1" mb="0" cb="0"/><counter type="INSTRUCTION" missed="5" covered="11"/><counter type="BRANCH" missed="1" covered="1"/><counter type="LINE" missed="1" covered="3"/><counter type="COMPLEXITY" missed="1" covered="1"/><counter type="METHOD" missed="0" covered="1"/><counter type="CLASS" missed="0" covered="1"/></sourcefile><counter type="INSTRUCTION" missed="343" covered="343"/><counter type="BRANCH" missed="39" covered="11"/><counter type="LINE" missed="84" covered="82"/><counter type="COMPLEXITY" missed="38" covered="22"/><counter type="METHOD" missed="15" covered="20"/><counter type="CLASS" missed="0" covered="3"/></package><package name="com/mcp/v2/client/factory"><class name="com/mcp/v2/client/factory/MCPClientFactory" sourcefilename="MCPClientFactory.java"><method name="&lt;init&gt;" desc="()V" line="20"><counter type="INSTRUCTION" missed="3" covered="0"/><counter type="LINE" missed="1" covered="0"/><counter type="COMPLEXITY" missed="1" covered="0"/><counter type="METHOD" missed="1" covered="0"/></method><method name="createHttpClient" desc="(Ljava/lang/String;)Lcom/mcp/v2/client/MCPClientBuilder;" line="29"><counter type="INSTRUCTION" missed="0" covered="12"/><counter type="LINE" missed="0" covered="2"/><counter type="COMPLEXITY" missed="0" covered="1"/><counter type="METHOD" missed="0" covered="1"/></method><method name="createWebSocketClient" desc="(Ljava/lang/String;)Lcom/mcp/v2/client/MCPClientBuilder;" line="40"><counter type="INSTRUCTION" missed="0" covered="12"/><counter type="LINE" missed="0" covered="2"/><counter type="COMPLEXITY" missed="0" covered="1"/><counter type="METHOD" missed="0" covered="1"/></method><method name="createProductionClient" desc="(Ljava/lang/String;Ljava/lang/String;)Lcom/mcp/v2/client/MCPClientBuilder;" line="52"><counter type="INSTRUCTION" missed="0" covered="27"/><counter type="LINE" missed="0" covered="9"/><counter type="COMPLEXITY" missed="0" covered="1"/><counter type="METHOD" missed="0" covered="1"/></method><method name="createDevelopmentClient" desc="(Ljava/lang/String;Ljava/lang/String;)Lcom/mcp/v2/client/MCPClientBuilder;" line="72"><counter type="INSTRUCTION" missed="27" covered="0"/><counter type="LINE" missed="9" covered="0"/><counter type="COMPLEXITY" missed="1" covered="0"/><counter type="METHOD" missed="1" covered="0"/></method><method name="createCachedClient" desc="(Ljava/lang/String;Ljava/lang/String;)Lcom/mcp/v2/client/MCPClientBuilder;" line="92"><counter type="INSTRUCTION" missed="6" covered="0"/><counter type="LINE" missed="2" covered="0"/><counter type="COMPLEXITY" missed="1" covered="0"/><counter type="METHOD" missed="1" covered="0"/></method><counter type="INSTRUCTION" missed="36" covered="51"/><counter type="LINE" missed="12" covered="13"/><counter type="COMPLEXITY" missed="3" covered="3"/><counter type="METHOD" missed="3" covered="3"/><counter type="CLASS" missed="0" covered="1"/></class><class name="com/mcp/v2/client/factory/MCPClientFactory$DefaultMCPClientBuilder" sourcefilename="MCPClientFactory.java"><method name="&lt;init&gt;" desc="()V" line="99"><counter type="INSTRUCTION" missed="0" covered="21"/><counter type="LINE" missed="0" covered="6"/><counter type="COMPLEXITY" missed="0" covered="1"/><counter type="METHOD" missed="0" covered="1"/></method><method name="clientId" desc="(Ljava/lang/String;)Lcom/mcp/v2/client/MCPClientBuilder;" line="111"><counter type="INSTRUCTION" missed="0" covered="5"/><counter type="LINE" missed="0" covered="2"/><counter type="COMPLEXITY" missed="0" covered="1"/><counter type="METHOD" missed="0" covered="1"/></method><method name="transport" desc="(Lcom/mcp/v2/client/types/MCPTypes$TransportConfig;)Lcom/mcp/v2/client/MCPClientBuilder;" line="117"><counter type="INSTRUCTION" missed="0" covered="5"/><counter type="LINE" missed="0" covered="2"/><counter type="COMPLEXITY" missed="0" covered="1"/><counter type="METHOD" missed="0" covered="1"/></method><method name="defaultContext" desc="(Lcom/mcp/v2/client/types/MCPTypes$ContextInfo;)Lcom/mcp/v2/client/MCPClientBuilder;" line="123"><counter type="INSTRUCTION" missed="5" covered="0"/><counter type="LINE" missed="2" covered="0"/><counter type="COMPLEXITY" missed="1" covered="0"/><counter type="METHOD" missed="1" covered="0"/></method><method name="enableCaching" desc="(Z)Lcom/mcp/v2/client/MCPClientBuilder;" line="129"><counter type="INSTRUCTION" missed="0" covered="5"/><counter type="LINE" missed="0" covered="2"/><counter type="COMPLEXITY" missed="0" covered="1"/><counter type="METHOD" missed="0" covered="1"/></method><method name="enableMetrics" desc="(Z)Lcom/mcp/v2/client/MCPClientBuilder;" line="135"><counter type="INSTRUCTION" missed="0" covered="5"/><counter type="LINE" missed="0" covered="2"/><counter type="COMPLEXITY" missed="0" covered="1"/><counter type="METHOD" missed="0" covered="1"/></method><method name="enableLogging" desc="(Z)Lcom/mcp/v2/client/MCPClientBuilder;" line="141"><counter type="INSTRUCTION" missed="0" covered="5"/><counter type="LINE" missed="0" covered="2"/><counter type="COMPLEXITY" missed="0" covered="1"/><counter type="METHOD" missed="0" covered="1"/></method><method name="metadata" desc="(Ljava/lang/String;Ljava/lang/Object;)Lcom/mcp/v2/client/MCPClientBuilder;" line="147"><counter type="INSTRUCTION" missed="0" covered="8"/><counter type="LINE" missed="0" covered="2"/><counter type="COMPLEXITY" missed="0" covered="1"/><counter type="METHOD" missed="0" covered="1"/></method><method name="build" desc="()Lcom/mcp/v2/client/MCPClient;" line="153"><counter type="INSTRUCTION" missed="13" covered="59"/><counter type="BRANCH" missed="2" covered="3"/><counter type="LINE" missed="2" covered="11"/><counter type="COMPLEXITY" missed="2" covered="2"/><counter type="METHOD" missed="0" covered="1"/></method><method name="createTransport" desc="(Lcom/mcp/v2/client/types/MCPTypes$TransportConfig;)Lcom/mcp/v2/client/transport/MCPTransport;" line="177"><counter type="INSTRUCTION" missed="7" covered="20"/><counter type="BRANCH" missed="1" covered="2"/><counter type="LINE" missed="1" covered="3"/><counter type="COMPLEXITY" missed="1" covered="2"/><counter type="METHOD" missed="0" covered="1"/></method><counter type="INSTRUCTION" missed="25" covered="133"/><counter type="BRANCH" missed="3" covered="5"/><counter type="LINE" missed="5" covered="32"/><counter type="COMPLEXITY" missed="4" covered="11"/><counter type="METHOD" missed="1" covered="9"/><counter type="CLASS" missed="0" covered="1"/></class><sourcefile name="MCPClientFactory.java"><line nr="20" mi="3" ci="0" mb="0" cb="0"/><line nr="29" mi="0" ci="6" mb="0" cb="0"/><line nr="30" mi="0" ci="6" mb="0" cb="0"/><line nr="40" mi="0" ci="6" mb="0" cb="0"/><line nr="41" mi="0" ci="6" mb="0" cb="0"/><line nr="52" mi="0" ci="6" mb="0" cb="0"/><line nr="53" mi="0" ci="3" mb="0" cb="0"/><line nr="54" mi="0" ci="3" mb="0" cb="0"/><line nr="55" mi="0" ci="3" mb="0" cb="0"/><line nr="57" mi="0" ci="5" mb="0" cb="0"/><line nr="58" mi="0" ci="2" mb="0" cb="0"/><line nr="59" mi="0" ci="2" mb="0" cb="0"/><line nr="60" mi="0" ci="2" mb="0" cb="0"/><line nr="61" mi="0" ci="1" mb="0" cb="0"/><line nr="72" mi="6" ci="0" mb="0" cb="0"/><line nr="73" mi="3" ci="0" mb="0" cb="0"/><line nr="74" mi="3" ci="0" mb="0" cb="0"/><line nr="75" mi="3" ci="0" mb="0" cb="0"/><line nr="77" mi="5" ci="0" mb="0" cb="0"/><line nr="78" mi="2" ci="0" mb="0" cb="0"/><line nr="79" mi="2" ci="0" mb="0" cb="0"/><line nr="80" mi="2" ci="0" mb="0" cb="0"/><line nr="81" mi="1" ci="0" mb="0" cb="0"/><line nr="92" mi="5" ci="0" mb="0" cb="0"/><line nr="93" mi="1" ci="0" mb="0" cb="0"/><line nr="99" mi="0" ci="2" mb="0" cb="0"/><line nr="101" mi="0" ci="4" mb="0" cb="0"/><line nr="104" mi="0" ci="3" mb="0" cb="0"/><line nr="105" mi="0" ci="3" mb="0" cb="0"/><line nr="106" mi="0" ci="3" mb="0" cb="0"/><line nr="107" mi="0" ci="6" mb="0" cb="0"/><line nr="111" mi="0" ci="3" mb="0" cb="0"/><line nr="112" mi="0" ci="2" mb="0" cb="0"/><line nr="117" mi="0" ci="3" mb="0" cb="0"/><line nr="118" mi="0" ci="2" mb="0" cb="0"/><line nr="123" mi="3" ci="0" mb="0" cb="0"/><line nr="124" mi="2" ci="0" mb="0" cb="0"/><line nr="129" mi="0" ci="3" mb="0" cb="0"/><line nr="130" mi="0" ci="2" mb="0" cb="0"/><line nr="135" mi="0" ci="3" mb="0" cb="0"/><line nr="136" mi="0" ci="2" mb="0" cb="0"/><line nr="141" mi="0" ci="3" mb="0" cb="0"/><line nr="142" mi="0" ci="2" mb="0" cb="0"/><line nr="147" mi="0" ci="6" mb="0" cb="0"/><line nr="148" mi="0" ci="2" mb="0" cb="0"/><line nr="153" mi="0" ci="3" mb="1" cb="1"/><line nr="154" mi="5" ci="0" mb="0" cb="0"/><line nr="157" mi="0" ci="8" mb="0" cb="0"/><line nr="158" mi="0" ci="4" mb="0" cb="0"/><line nr="159" mi="0" ci="4" mb="0" cb="0"/><line nr="160" mi="0" ci="4" mb="0" cb="0"/><line nr="161" mi="0" ci="4" mb="0" cb="0"/><line nr="162" mi="0" ci="4" mb="0" cb="0"/><line nr="164" mi="0" ci="5" mb="0" cb="0"/><line nr="166" mi="0" ci="11" mb="1" cb="2"/><line nr="168" mi="0" ci="6" mb="0" cb="0"/><line nr="170" mi="0" ci="6" mb="0" cb="0"/><line nr="172" mi="8" ci="0" mb="0" cb="0"/><line nr="177" mi="0" ci="10" mb="1" cb="2"/><line nr="179" mi="0" ci="5" mb="0" cb="0"/><line nr="181" mi="0" ci="5" mb="0" cb="0"/><line nr="183" mi="7" ci="0" mb="0" cb="0"/><counter type="INSTRUCTION" missed="61" covered="184"/><counter type="BRANCH" missed="3" covered="5"/><counter type="LINE" missed="17" covered="45"/><counter type="COMPLEXITY" missed="7" covered="14"/><counter type="METHOD" missed="4" covered="12"/><counter type="CLASS" missed="0" covered="2"/></sourcefile><counter type="INSTRUCTION" missed="61" covered="184"/><counter type="BRANCH" missed="3" covered="5"/><counter type="LINE" missed="17" covered="45"/><counter type="COMPLEXITY" missed="7" covered="14"/><counter type="METHOD" missed="4" covered="12"/><counter type="CLASS" missed="0" covered="2"/></package><counter type="INSTRUCTION" missed="1464" covered="1086"/><counter type="BRANCH" missed="121" covered="21"/><counter type="LINE" missed="367" covered="306"/><counter type="COMPLEXITY" missed="176" covered="118"/><counter type="METHOD" missed="109" covered="113"/><counter type="CLASS" missed="7" covered="16"/></report>